#
# A fatal error has been detected by the Java Runtime Environment:
#
#  EXCEPTION_ACCESS_VIOLATION (0xc0000005) at pc=0x00007ffa107d3d09, pid=20088, tid=18804
#
# JRE version: Java(TM) SE Runtime Environment (17.0.12+8) (build 17.0.12+8-LTS-286)
# Java VM: Java HotSpot(TM) 64-Bit Server VM (17.0.12+8-LTS-286, mixed mode, sharing, tiered, compressed oops, compressed class ptrs, g1 gc, windows-amd64)
# Problematic frame:
# C  [freetype.dll+0x43d09]
#
# Core dump will be written. Default location: F:\ComRD\Projects\MyCraft\hs_err_pid20088.mdmp
#
# If you would like to submit a bug report, please visit:
#   https://bugreport.java.com/bugreport/crash.jsp
# The crash happened outside the Java Virtual Machine in native code.
# See problematic frame for where to report the bug.
#

---------------  S U M M A R Y ------------

Command Line: -javaagent:C:\ComApp\Jetbrains\IntelliJ IDEA Ultimate\lib\idea_rt.jar=60801 -Dfile.encoding=UTF-8 com.ksptool.mycraft.Launcher

Host: Intel(R) Core(TM) i7-9700 CPU @ 3.00GHz, 8 cores, 39G,  Windows Server 2022 , 64 bit Build 20348 (10.0.20348.3692)
Time: Sun Nov  9 08:25:45 2025  Windows Server 2022 , 64 bit Build 20348 (10.0.20348.3692) elapsed time: 0.873719 seconds (0d 0h 0m 0s)

---------------  T H R E A D  ---------------

Current thread (0x00000192ab515bb0):  JavaThread "main" [_thread_in_native, id=18804, stack(0x00000020bd600000,0x00000020bd700000)]

Stack: [0x00000020bd600000,0x00000020bd700000],  sp=0x00000020bd6fef60,  free space=1019k
Native frames: (J=compiled Java code, j=interpreted, Vv=VM code, C=native code)
C  [freetype.dll+0x43d09]

Java frames: (J=compiled Java code, j=interpreted, Vv=VM code)
j  org.lwjgl.system.JNI.invokePNI(JJJ)I+0
j  org.lwjgl.util.freetype.FreeType.nFT_Get_Char_Index(JJ)I+9
j  org.lwjgl.util.freetype.FreeType.FT_Get_Char_Index(Lorg/lwjgl/util/freetype/FT_Face;J)I+5
j  com.ksptool.mycraft.rendering.TextRenderer.loadGlyph(I)Lcom/ksptool/mycraft/rendering/TextRenderer$GlyphData;+60
j  com.ksptool.mycraft.rendering.TextRenderer.getTextWidth(Ljava/lang/String;F)F+94
j  com.ksptool.mycraft.rendering.GuiRenderer.renderButton(FFFFLjava/lang/String;ZII)V+200
j  com.ksptool.mycraft.gui.MainMenu.render(Lcom/ksptool/mycraft/rendering/GuiRenderer;IILcom/ksptool/mycraft/core/Input;)V+137
j  com.ksptool.mycraft.core.Game.renderMainMenu()V+60
j  com.ksptool.mycraft.core.Game.render()V+101
j  com.ksptool.mycraft.core.Game.loop()V+76
j  com.ksptool.mycraft.core.Game.run()V+5
j  com.ksptool.mycraft.Launcher.main([Ljava/lang/String;)V+9
v  ~StubRoutines::call_stub

siginfo: EXCEPTION_ACCESS_VIOLATION (0xc0000005), reading address 0x000001932cd68fc6


Registers:
RAX=0x0000000000000000, RBX=0x0000019328c98e80, RCX=0x0000019328c98e80, RDX=0x00000020bd6fefd8
RSP=0x00000020bd6fef60, RBP=0x00000020bd6ff0a0, RSI=0x0000000000005355, RDI=0x0000000000000000
R8 =0x0000000000000000, R9 =0x0000000000005355, R10=0x00000192ba31d5a7, R11=0x00000005a8720be8
R12=0x00000020bd6fefd8, R13=0x000001931e4c17f0, R14=0x000001932cd68fba, R15=0x0000000000000000
RIP=0x00007ffa107d3d09, EFLAGS=0x0000000000010206


Register to memory mapping:

RIP=0x00007ffa107d3d09 freetype.dll
RAX=0x0 is NULL
RBX=0x0000019328c98e80 points into unknown readable memory: 0x0000019328be2760 | 60 27 be 28 93 01 00 00
RCX=0x0000019328c98e80 points into unknown readable memory: 0x0000019328be2760 | 60 27 be 28 93 01 00 00
RDX=0x00000020bd6fefd8 is pointing into the stack for thread: 0x00000192ab515bb0
RSP=0x00000020bd6fef60 is pointing into the stack for thread: 0x00000192ab515bb0
RBP=0x00000020bd6ff0a0 is pointing into the stack for thread: 0x00000192ab515bb0
RSI=0x0000000000005355 is an unknown value
RDI=0x0 is NULL
R8 =0x0 is NULL
R9 =0x0000000000005355 is an unknown value
R10=0x00000192ba31d5a7 is at code_begin+935 in an Interpreter codelet
method entry point (kind = native)  [0x00000192ba31d200, 0x00000192ba31db60]  2400 bytes
R11=0x00000005a8720be8 is an oop: java.lang.Class 
{0x00000005a8720be8} - klass: 'java/lang/Class'
 - ---- fields (total size 14 words):
 - private volatile transient 'classRedefinedCount' 'I' @12  0
 - private volatile transient 'cachedConstructor' 'Ljava/lang/reflect/Constructor;' @40  NULL (0)
 - private transient 'name' 'Ljava/lang/String;' @44  "org.lwjgl.system.JNI"{0x00000005a8720c68} (b50e418d)
 - private transient 'module' 'Ljava/lang/Module;' @48  a 'java/lang/Module'{0x00000005a8081b00} (b5010360)
 - private final 'classLoader' 'Ljava/lang/ClassLoader;' @52  a 'jdk/internal/loader/ClassLoaders$AppClassLoader'{0x00000005a8081940} (b5010328)
 - private transient 'classData' 'Ljava/lang/Object;' @56  NULL (0)
 - private transient 'packageName' 'Ljava/lang/String;' @60  "org.lwjgl.system"{0x00000005a83ae230} (b5075c46)
 - private final 'componentType' 'Ljava/lang/Class;' @64  NULL (0)
 - private volatile transient 'reflectionData' 'Ljava/lang/ref/SoftReference;' @68  NULL (0)
 - private volatile transient 'genericInfo' 'Lsun/reflect/generics/repository/ClassRepository;' @72  NULL (0)
 - private volatile transient 'enumConstants' '[Ljava/lang/Object;' @76  NULL (0)
 - private volatile transient 'enumConstantDirectory' 'Ljava/util/Map;' @80  NULL (0)
 - private volatile transient 'annotationData' 'Ljava/lang/Class$AnnotationData;' @84  NULL (0)
 - private volatile transient 'annotationType' 'Lsun/reflect/annotation/AnnotationType;' @88  NULL (0)
 - transient 'classValueMap' 'Ljava/lang/ClassValue$ClassValueMap;' @92  NULL (0)
 - signature: Lorg/lwjgl/system/JNI;
 - fake entry for mirror: 'org/lwjgl/system/JNI'
 - fake entry for array: NULL
 - fake entry for oop_size: 14
 - fake entry for static_oop_field_count: 0
R12=0x00000020bd6fefd8 is pointing into the stack for thread: 0x00000192ab515bb0
R13={method} {0x000001931e4c17f8} 'invokePNI' '(JJJ)I' in 'org/lwjgl/system/JNI'
R14=0x000001932cd68fba is an unknown value
R15=0x0 is NULL


Top of Stack: (sp=0x00000020bd6fef60)
0x00000020bd6fef60:   0000000000000000 00000000000000a3
0x00000020bd6fef70:   0000000000000148 00000192ab515bb0
0x00000020bd6fef80:   00000192ab515bb0 00000020bd6ff0e8
0x00000020bd6fef90:   0000000000000000 00007ffa107ca855
0x00000020bd6fefa0:   0000000000017775 00000192ab515bb0
0x00000020bd6fefb0:   0000019328be2760 0000000000000148
0x00000020bd6fefc0:   00000000000000a3 00007ffa10792817
0x00000020bd6fefd0:   000001931e4c17f0 0000019300005355
0x00000020bd6fefe0:   00000192ab515bb0 00000000000000a3
0x00000020bd6feff0:   00000000000000a3 00000192ba31d5d6
0x00000020bd6ff000:   000001931e4c17f0 00007ffa07401e57
0x00000020bd6ff010:   000001931e4c17f0 00000020bd6ff060
0x00000020bd6ff020:   00007ffa107927f0 00000192ba31d310
0x00000020bd6ff030:   000001931e4c17f0 0000000000000148
0x00000020bd6ff040:   3ff0000000000000 00000192ab515bb0
0x00000020bd6ff050:   00000192ba31d2b6 00000020bd6ff058 

Instructions: (pc=0x00007ffa107d3d09)
0x00007ffa107d3c09:   44 24 68 85 c0 75 79 39 af e0 00 00 00 7e 29 48
0x00007ffa107d3c19:   8b f5 0f 1f 44 00 00 48 8b cb e8 18 4f fc ff 48
0x00007ffa107d3c29:   8b 8f e8 00 00 00 48 8d 76 04 ff c5 89 44 0e fc
0x00007ffa107d3c39:   3b af e0 00 00 00 7c df 48 8b cb e8 f7 4d fc ff
0x00007ffa107d3c49:   eb 3a 4c 8d 44 24 68 c7 87 dc 00 00 00 00 00 01
0x00007ffa107d3c59:   00 ba 04 00 00 00 c7 87 e0 00 00 00 01 00 00 00
0x00007ffa107d3c69:   49 8b cf e8 1f 7e fc ff 48 8b c8 48 89 87 e8 00
0x00007ffa107d3c79:   00 00 8b 44 24 68 85 c0 75 06 89 31 8b 44 24 68
0x00007ffa107d3c89:   48 8b 5c 24 50 48 8b 6c 24 58 48 8b 74 24 60 48
0x00007ffa107d3c99:   83 c4 30 41 5f 41 5e 5f c3 cc cc cc cc cc cc cc
0x00007ffa107d3ca9:   cc cc cc cc cc cc cc 40 53 48 83 ec 20 48 8b 11
0x00007ffa107d3cb9:   48 8b d9 48 8b 49 30 e8 bb 7d fc ff 33 c0 48 89
0x00007ffa107d3cc9:   03 89 43 08 48 89 43 28 48 83 c4 20 5b c3 cc cc
0x00007ffa107d3cd9:   cc cc cc cc cc cc cc 48 89 5c 24 18 48 89 74 24
0x00007ffa107d3ce9:   20 41 54 41 56 41 57 48 83 ec 20 4c 8b 71 18 48
0x00007ffa107d3cf9:   8b d9 45 0f b6 f8 33 c0 41 8b f7 4c 8b e2 03 32
0x00007ffa107d3d09:   45 0f b6 56 0c 45 0f b6 4e 0d 45 0f b6 46 0e 41
0x00007ffa107d3d19:   0f b6 4e 0f 41 c1 e2 08 45 0b d1 41 c1 e2 08 45
0x00007ffa107d3d29:   0b d0 41 c1 e2 08 44 0b d1 0f 84 1d 01 00 00 48
0x00007ffa107d3d39:   89 6c 24 40 45 33 c9 48 89 7c 24 48 41 8b fa 0f
0x00007ffa107d3d49:   1f 84 00 00 00 00 00 42 8d 14 0f d1 ea 8d 2c 52
0x00007ffa107d3d59:   c1 e5 02 49 03 ee 0f b6 4d 11 44 0f b6 5d 10 44
0x00007ffa107d3d69:   0f b6 45 14 41 c1 e3 08 44 0b d9 41 c1 e0 08 0f
0x00007ffa107d3d79:   b6 4d 12 41 c1 e3 08 44 0b d9 0f b6 4d 13 41 c1
0x00007ffa107d3d89:   e3 08 44 0b d9 0f b6 4d 15 44 0b c1 0f b6 4d 16
0x00007ffa107d3d99:   41 c1 e0 08 44 0b c1 0f b6 4d 17 41 c1 e0 08 44
0x00007ffa107d3da9:   0b c1 41 3b f3 73 04 8b fa eb 09 41 3b f0 76 0b
0x00007ffa107d3db9:   44 8d 4a 01 44 3b cf 72 8e eb 33 0f b6 4d 18 0f
0x00007ffa107d3dc9:   b6 45 19 c1 e1 08 0b c1 0f b6 4d 1a c1 e0 08 0b
0x00007ffa107d3dd9:   c1 0f b6 4d 1b c1 e0 08 0b c1 41 8b cb 2b ce ff
0x00007ffa107d3de9:   c9 3b c1 76 04 33 c0 eb 05 41 2b c3 03 c6 48 8b
0x00007ffa107d3df9:   7c 24 48 48 8b 6c 24 40 45 84 ff 74 51 4c 8b 0b 


Stack slot to memory mapping:
stack at sp + 0 slots: 0x0 is NULL
stack at sp + 1 slots: 0x00000000000000a3 is an unknown value
stack at sp + 2 slots: 0x0000000000000148 is an unknown value
stack at sp + 3 slots: 0x00000192ab515bb0 is a thread
stack at sp + 4 slots: 0x00000192ab515bb0 is a thread
stack at sp + 5 slots: 0x00000020bd6ff0e8 is pointing into the stack for thread: 0x00000192ab515bb0
stack at sp + 6 slots: 0x0 is NULL
stack at sp + 7 slots: 0x00007ffa107ca855 freetype.dll


---------------  P R O C E S S  ---------------

Threads class SMR info:
_java_thread_list=0x0000019322206fb0, length=13, elements={
0x00000192ab515bb0, 0x00000192dc7644a0, 0x00000192dc765320, 0x00000192dc77cc90,
0x00000192dc77f570, 0x00000192dc77ff30, 0x00000192dc780d00, 0x00000192dc781aa0,
0x00000192dc789fa0, 0x00000192dc7938d0, 0x00000192dc74cc80, 0x00000192dca2add0,
0x00000192dca24e90
}

Java Threads: ( => current thread )
=>0x00000192ab515bb0 JavaThread "main" [_thread_in_native, id=18804, stack(0x00000020bd600000,0x00000020bd700000)]
  0x00000192dc7644a0 JavaThread "Reference Handler" daemon [_thread_blocked, id=20284, stack(0x00000020bdd00000,0x00000020bde00000)]
  0x00000192dc765320 JavaThread "Finalizer" daemon [_thread_blocked, id=11044, stack(0x00000020bde00000,0x00000020bdf00000)]
  0x00000192dc77cc90 JavaThread "Signal Dispatcher" daemon [_thread_blocked, id=7304, stack(0x00000020bdf00000,0x00000020be000000)]
  0x00000192dc77f570 JavaThread "Attach Listener" daemon [_thread_blocked, id=22540, stack(0x00000020be000000,0x00000020be100000)]
  0x00000192dc77ff30 JavaThread "Service Thread" daemon [_thread_blocked, id=20104, stack(0x00000020be100000,0x00000020be200000)]
  0x00000192dc780d00 JavaThread "Monitor Deflation Thread" daemon [_thread_blocked, id=22144, stack(0x00000020be200000,0x00000020be300000)]
  0x00000192dc781aa0 JavaThread "C2 CompilerThread0" daemon [_thread_blocked, id=7148, stack(0x00000020be300000,0x00000020be400000)]
  0x00000192dc789fa0 JavaThread "C1 CompilerThread0" daemon [_thread_blocked, id=23524, stack(0x00000020be400000,0x00000020be500000)]
  0x00000192dc7938d0 JavaThread "Sweeper thread" daemon [_thread_blocked, id=12788, stack(0x00000020be500000,0x00000020be600000)]
  0x00000192dc74cc80 JavaThread "Common-Cleaner" daemon [_thread_blocked, id=23340, stack(0x00000020be600000,0x00000020be700000)]
  0x00000192dca2add0 JavaThread "Monitor Ctrl-Break" daemon [_thread_in_native, id=1620, stack(0x00000020be800000,0x00000020be900000)]
  0x00000192dca24e90 JavaThread "Notification Thread" daemon [_thread_blocked, id=22656, stack(0x00000020be900000,0x00000020bea00000)]

Other Threads:
  0x00000192dc75c620 VMThread "VM Thread" [stack: 0x00000020bdc00000,0x00000020bdd00000] [id=20196]
  0x00000192ab5cb4f0 WatcherThread [stack: 0x00000020bea00000,0x00000020beb00000] [id=23548]
  0x00000192ab5b93c0 GCTaskThread "GC Thread#0" [stack: 0x00000020bd700000,0x00000020bd800000] [id=21264]
  0x00000192ab5c42e0 ConcurrentGCThread "G1 Main Marker" [stack: 0x00000020bd800000,0x00000020bd900000] [id=9332]
  0x00000192ab5c4cf0 ConcurrentGCThread "G1 Conc#0" [stack: 0x00000020bd900000,0x00000020bda00000] [id=15476]
  0x00000192ab5ee3f0 ConcurrentGCThread "G1 Refine#0" [stack: 0x00000020bda00000,0x00000020bdb00000] [id=17684]
  0x00000192dc61b030 ConcurrentGCThread "G1 Service" [stack: 0x00000020bdb00000,0x00000020bdc00000] [id=8424]

Threads with active compile tasks:

VM state: not at safepoint (normal execution)

VM Mutex/Monitor currently owned by a thread: None

Heap address: 0x0000000580800000, size: 10232 MB, Compressed Oops mode: Zero based, Oop shift amount: 3

CDS archive(s) mapped at: [0x00000192dd000000-0x00000192ddbd0000-0x00000192ddbd0000), size 12386304, SharedBaseAddress: 0x00000192dd000000, ArchiveRelocationMode: 1.
Compressed class space mapped at: 0x00000192de000000-0x000001931e000000, reserved size: 1073741824
Narrow klass base: 0x00000192dd000000, Narrow klass shift: 0, Narrow klass range: 0x100000000

GC Precious Log:
 CPUs: 8 total, 8 available
 Memory: 40903M
 Large Page Support: Disabled
 NUMA Support: Disabled
 Compressed Oops: Enabled (Zero based)
 Heap Region Size: 8M
 Heap Min Capacity: 8M
 Heap Initial Capacity: 640M
 Heap Max Capacity: 10232M
 Pre-touch: Disabled
 Parallel Workers: 8
 Concurrent Workers: 2
 Concurrent Refinement Workers: 8
 Periodic GC: Disabled

Heap:
 garbage-first heap   total 655360K, used 8192K [0x0000000580800000, 0x0000000800000000)
  region size 8192K, 3 young (24576K), 0 survivors (0K)
 Metaspace       used 6936K, committed 7104K, reserved 1114112K
  class space    used 378K, committed 448K, reserved 1048576K

Heap Regions: E=young(eden), S=young(survivor), O=old, HS=humongous(starts), HC=humongous(continues), CS=collection set, F=free, OA=open archive, CA=closed archive, TAMS=top-at-mark-start (previous, next)
|   0|0x0000000580800000, 0x0000000580800000, 0x0000000581000000|  0%| F|  |TAMS 0x0000000580800000, 0x0000000580800000| Untracked 
|   1|0x0000000581000000, 0x0000000581000000, 0x0000000581800000|  0%| F|  |TAMS 0x0000000581000000, 0x0000000581000000| Untracked 
|   2|0x0000000581800000, 0x0000000581800000, 0x0000000582000000|  0%| F|  |TAMS 0x0000000581800000, 0x0000000581800000| Untracked 
|   3|0x0000000582000000, 0x0000000582000000, 0x0000000582800000|  0%| F|  |TAMS 0x0000000582000000, 0x0000000582000000| Untracked 
|   4|0x0000000582800000, 0x0000000582800000, 0x0000000583000000|  0%| F|  |TAMS 0x0000000582800000, 0x0000000582800000| Untracked 
|   5|0x0000000583000000, 0x0000000583000000, 0x0000000583800000|  0%| F|  |TAMS 0x0000000583000000, 0x0000000583000000| Untracked 
|   6|0x0000000583800000, 0x0000000583800000, 0x0000000584000000|  0%| F|  |TAMS 0x0000000583800000, 0x0000000583800000| Untracked 
|   7|0x0000000584000000, 0x0000000584000000, 0x0000000584800000|  0%| F|  |TAMS 0x0000000584000000, 0x0000000584000000| Untracked 
|   8|0x0000000584800000, 0x0000000584800000, 0x0000000585000000|  0%| F|  |TAMS 0x0000000584800000, 0x0000000584800000| Untracked 
|   9|0x0000000585000000, 0x0000000585000000, 0x0000000585800000|  0%| F|  |TAMS 0x0000000585000000, 0x0000000585000000| Untracked 
|  10|0x0000000585800000, 0x0000000585800000, 0x0000000586000000|  0%| F|  |TAMS 0x0000000585800000, 0x0000000585800000| Untracked 
|  11|0x0000000586000000, 0x0000000586000000, 0x0000000586800000|  0%| F|  |TAMS 0x0000000586000000, 0x0000000586000000| Untracked 
|  12|0x0000000586800000, 0x0000000586800000, 0x0000000587000000|  0%| F|  |TAMS 0x0000000586800000, 0x0000000586800000| Untracked 
|  13|0x0000000587000000, 0x0000000587000000, 0x0000000587800000|  0%| F|  |TAMS 0x0000000587000000, 0x0000000587000000| Untracked 
|  14|0x0000000587800000, 0x0000000587800000, 0x0000000588000000|  0%| F|  |TAMS 0x0000000587800000, 0x0000000587800000| Untracked 
|  15|0x0000000588000000, 0x0000000588000000, 0x0000000588800000|  0%| F|  |TAMS 0x0000000588000000, 0x0000000588000000| Untracked 
|  16|0x0000000588800000, 0x0000000588800000, 0x0000000589000000|  0%| F|  |TAMS 0x0000000588800000, 0x0000000588800000| Untracked 
|  17|0x0000000589000000, 0x0000000589000000, 0x0000000589800000|  0%| F|  |TAMS 0x0000000589000000, 0x0000000589000000| Untracked 
|  18|0x0000000589800000, 0x0000000589800000, 0x000000058a000000|  0%| F|  |TAMS 0x0000000589800000, 0x0000000589800000| Untracked 
|  19|0x000000058a000000, 0x000000058a000000, 0x000000058a800000|  0%| F|  |TAMS 0x000000058a000000, 0x000000058a000000| Untracked 
|  20|0x000000058a800000, 0x000000058a800000, 0x000000058b000000|  0%| F|  |TAMS 0x000000058a800000, 0x000000058a800000| Untracked 
|  21|0x000000058b000000, 0x000000058b000000, 0x000000058b800000|  0%| F|  |TAMS 0x000000058b000000, 0x000000058b000000| Untracked 
|  22|0x000000058b800000, 0x000000058b800000, 0x000000058c000000|  0%| F|  |TAMS 0x000000058b800000, 0x000000058b800000| Untracked 
|  23|0x000000058c000000, 0x000000058c000000, 0x000000058c800000|  0%| F|  |TAMS 0x000000058c000000, 0x000000058c000000| Untracked 
|  24|0x000000058c800000, 0x000000058c800000, 0x000000058d000000|  0%| F|  |TAMS 0x000000058c800000, 0x000000058c800000| Untracked 
|  25|0x000000058d000000, 0x000000058d000000, 0x000000058d800000|  0%| F|  |TAMS 0x000000058d000000, 0x000000058d000000| Untracked 
|  26|0x000000058d800000, 0x000000058d800000, 0x000000058e000000|  0%| F|  |TAMS 0x000000058d800000, 0x000000058d800000| Untracked 
|  27|0x000000058e000000, 0x000000058e000000, 0x000000058e800000|  0%| F|  |TAMS 0x000000058e000000, 0x000000058e000000| Untracked 
|  28|0x000000058e800000, 0x000000058e800000, 0x000000058f000000|  0%| F|  |TAMS 0x000000058e800000, 0x000000058e800000| Untracked 
|  29|0x000000058f000000, 0x000000058f000000, 0x000000058f800000|  0%| F|  |TAMS 0x000000058f000000, 0x000000058f000000| Untracked 
|  30|0x000000058f800000, 0x000000058f800000, 0x0000000590000000|  0%| F|  |TAMS 0x000000058f800000, 0x000000058f800000| Untracked 
|  31|0x0000000590000000, 0x0000000590000000, 0x0000000590800000|  0%| F|  |TAMS 0x0000000590000000, 0x0000000590000000| Untracked 
|  32|0x0000000590800000, 0x0000000590800000, 0x0000000591000000|  0%| F|  |TAMS 0x0000000590800000, 0x0000000590800000| Untracked 
|  33|0x0000000591000000, 0x0000000591000000, 0x0000000591800000|  0%| F|  |TAMS 0x0000000591000000, 0x0000000591000000| Untracked 
|  34|0x0000000591800000, 0x0000000591800000, 0x0000000592000000|  0%| F|  |TAMS 0x0000000591800000, 0x0000000591800000| Untracked 
|  35|0x0000000592000000, 0x0000000592000000, 0x0000000592800000|  0%| F|  |TAMS 0x0000000592000000, 0x0000000592000000| Untracked 
|  36|0x0000000592800000, 0x0000000592800000, 0x0000000593000000|  0%| F|  |TAMS 0x0000000592800000, 0x0000000592800000| Untracked 
|  37|0x0000000593000000, 0x0000000593000000, 0x0000000593800000|  0%| F|  |TAMS 0x0000000593000000, 0x0000000593000000| Untracked 
|  38|0x0000000593800000, 0x0000000593800000, 0x0000000594000000|  0%| F|  |TAMS 0x0000000593800000, 0x0000000593800000| Untracked 
|  39|0x0000000594000000, 0x0000000594000000, 0x0000000594800000|  0%| F|  |TAMS 0x0000000594000000, 0x0000000594000000| Untracked 
|  40|0x0000000594800000, 0x0000000594800000, 0x0000000595000000|  0%| F|  |TAMS 0x0000000594800000, 0x0000000594800000| Untracked 
|  41|0x0000000595000000, 0x0000000595000000, 0x0000000595800000|  0%| F|  |TAMS 0x0000000595000000, 0x0000000595000000| Untracked 
|  42|0x0000000595800000, 0x0000000595800000, 0x0000000596000000|  0%| F|  |TAMS 0x0000000595800000, 0x0000000595800000| Untracked 
|  43|0x0000000596000000, 0x0000000596000000, 0x0000000596800000|  0%| F|  |TAMS 0x0000000596000000, 0x0000000596000000| Untracked 
|  44|0x0000000596800000, 0x0000000596800000, 0x0000000597000000|  0%| F|  |TAMS 0x0000000596800000, 0x0000000596800000| Untracked 
|  45|0x0000000597000000, 0x0000000597000000, 0x0000000597800000|  0%| F|  |TAMS 0x0000000597000000, 0x0000000597000000| Untracked 
|  46|0x0000000597800000, 0x0000000597800000, 0x0000000598000000|  0%| F|  |TAMS 0x0000000597800000, 0x0000000597800000| Untracked 
|  47|0x0000000598000000, 0x0000000598000000, 0x0000000598800000|  0%| F|  |TAMS 0x0000000598000000, 0x0000000598000000| Untracked 
|  48|0x0000000598800000, 0x0000000598800000, 0x0000000599000000|  0%| F|  |TAMS 0x0000000598800000, 0x0000000598800000| Untracked 
|  49|0x0000000599000000, 0x0000000599000000, 0x0000000599800000|  0%| F|  |TAMS 0x0000000599000000, 0x0000000599000000| Untracked 
|  50|0x0000000599800000, 0x0000000599800000, 0x000000059a000000|  0%| F|  |TAMS 0x0000000599800000, 0x0000000599800000| Untracked 
|  51|0x000000059a000000, 0x000000059a000000, 0x000000059a800000|  0%| F|  |TAMS 0x000000059a000000, 0x000000059a000000| Untracked 
|  52|0x000000059a800000, 0x000000059a800000, 0x000000059b000000|  0%| F|  |TAMS 0x000000059a800000, 0x000000059a800000| Untracked 
|  53|0x000000059b000000, 0x000000059b000000, 0x000000059b800000|  0%| F|  |TAMS 0x000000059b000000, 0x000000059b000000| Untracked 
|  54|0x000000059b800000, 0x000000059b800000, 0x000000059c000000|  0%| F|  |TAMS 0x000000059b800000, 0x000000059b800000| Untracked 
|  55|0x000000059c000000, 0x000000059c000000, 0x000000059c800000|  0%| F|  |TAMS 0x000000059c000000, 0x000000059c000000| Untracked 
|  56|0x000000059c800000, 0x000000059c800000, 0x000000059d000000|  0%| F|  |TAMS 0x000000059c800000, 0x000000059c800000| Untracked 
|  57|0x000000059d000000, 0x000000059d000000, 0x000000059d800000|  0%| F|  |TAMS 0x000000059d000000, 0x000000059d000000| Untracked 
|  58|0x000000059d800000, 0x000000059d800000, 0x000000059e000000|  0%| F|  |TAMS 0x000000059d800000, 0x000000059d800000| Untracked 
|  59|0x000000059e000000, 0x000000059e000000, 0x000000059e800000|  0%| F|  |TAMS 0x000000059e000000, 0x000000059e000000| Untracked 
|  60|0x000000059e800000, 0x000000059e800000, 0x000000059f000000|  0%| F|  |TAMS 0x000000059e800000, 0x000000059e800000| Untracked 
|  61|0x000000059f000000, 0x000000059f000000, 0x000000059f800000|  0%| F|  |TAMS 0x000000059f000000, 0x000000059f000000| Untracked 
|  62|0x000000059f800000, 0x000000059f800000, 0x00000005a0000000|  0%| F|  |TAMS 0x000000059f800000, 0x000000059f800000| Untracked 
|  63|0x00000005a0000000, 0x00000005a0000000, 0x00000005a0800000|  0%| F|  |TAMS 0x00000005a0000000, 0x00000005a0000000| Untracked 
|  64|0x00000005a0800000, 0x00000005a0800000, 0x00000005a1000000|  0%| F|  |TAMS 0x00000005a0800000, 0x00000005a0800000| Untracked 
|  65|0x00000005a1000000, 0x00000005a1000000, 0x00000005a1800000|  0%| F|  |TAMS 0x00000005a1000000, 0x00000005a1000000| Untracked 
|  66|0x00000005a1800000, 0x00000005a1800000, 0x00000005a2000000|  0%| F|  |TAMS 0x00000005a1800000, 0x00000005a1800000| Untracked 
|  67|0x00000005a2000000, 0x00000005a2000000, 0x00000005a2800000|  0%| F|  |TAMS 0x00000005a2000000, 0x00000005a2000000| Untracked 
|  68|0x00000005a2800000, 0x00000005a2800000, 0x00000005a3000000|  0%| F|  |TAMS 0x00000005a2800000, 0x00000005a2800000| Untracked 
|  69|0x00000005a3000000, 0x00000005a3000000, 0x00000005a3800000|  0%| F|  |TAMS 0x00000005a3000000, 0x00000005a3000000| Untracked 
|  70|0x00000005a3800000, 0x00000005a3800000, 0x00000005a4000000|  0%| F|  |TAMS 0x00000005a3800000, 0x00000005a3800000| Untracked 
|  71|0x00000005a4000000, 0x00000005a4000000, 0x00000005a4800000|  0%| F|  |TAMS 0x00000005a4000000, 0x00000005a4000000| Untracked 
|  72|0x00000005a4800000, 0x00000005a4800000, 0x00000005a5000000|  0%| F|  |TAMS 0x00000005a4800000, 0x00000005a4800000| Untracked 
|  73|0x00000005a5000000, 0x00000005a5000000, 0x00000005a5800000|  0%| F|  |TAMS 0x00000005a5000000, 0x00000005a5000000| Untracked 
|  74|0x00000005a5800000, 0x00000005a5800000, 0x00000005a6000000|  0%| F|  |TAMS 0x00000005a5800000, 0x00000005a5800000| Untracked 
|  75|0x00000005a6000000, 0x00000005a6000000, 0x00000005a6800000|  0%| F|  |TAMS 0x00000005a6000000, 0x00000005a6000000| Untracked 
|  76|0x00000005a6800000, 0x00000005a6800000, 0x00000005a7000000|  0%| F|  |TAMS 0x00000005a6800000, 0x00000005a6800000| Untracked 
|  77|0x00000005a7000000, 0x00000005a7235748, 0x00000005a7800000| 27%| E|  |TAMS 0x00000005a7000000, 0x00000005a7000000| Complete 
|  78|0x00000005a7800000, 0x00000005a8000000, 0x00000005a8000000|100%| E|CS|TAMS 0x00000005a7800000, 0x00000005a7800000| Complete 
|  79|0x00000005a8000000, 0x00000005a8800000, 0x00000005a8800000|100%| E|  |TAMS 0x00000005a8000000, 0x00000005a8000000| Complete 

Card table byte_map: [0x00000192c3510000,0x00000192c4910000] _byte_map_base: 0x00000192c090c000

Marking Bits (Prev, Next): (CMBitMap*) 0x00000192ab5b99e0, (CMBitMap*) 0x00000192ab5b9a20
 Prev Bits: [0x00000192c5d10000, 0x00000192cfcf0000)
 Next Bits: [0x00000192cfcf0000, 0x00000192d9cd0000)

Polling page: 0x00000192aacf0000

Metaspace:

Usage:
  Non-class:      6.40 MB used.
      Class:    378.70 KB used.
       Both:      6.77 MB used.

Virtual space:
  Non-class space:       64.00 MB reserved,       6.50 MB ( 10%) committed,  1 nodes.
      Class space:        1.00 GB reserved,     448.00 KB ( <1%) committed,  1 nodes.
             Both:        1.06 GB reserved,       6.94 MB ( <1%) committed. 

Chunk freelists:
   Non-Class:  7.53 MB
       Class:  15.53 MB
        Both:  23.06 MB

MaxMetaspaceSize: unlimited
CompressedClassSpaceSize: 1.00 GB
Initial GC threshold: 21.00 MB
Current GC threshold: 21.00 MB
CDS: on
MetaspaceReclaimPolicy: balanced
 - commit_granule_bytes: 65536.
 - commit_granule_words: 8192.
 - virtual_space_node_default_size: 8388608.
 - enlarge_chunks_in_place: 1.
 - new_chunks_are_fully_committed: 0.
 - uncommit_free_chunks: 1.
 - use_allocation_guard: 0.
 - handle_deallocations: 1.


Internal statistics:

num_allocs_failed_limit: 0.
num_arena_births: 72.
num_arena_deaths: 0.
num_vsnodes_births: 2.
num_vsnodes_deaths: 0.
num_space_committed: 109.
num_space_uncommitted: 0.
num_chunks_returned_to_freelist: 0.
num_chunks_taken_from_freelist: 248.
num_chunk_merges: 0.
num_chunk_splits: 183.
num_chunks_enlarged: 147.
num_inconsistent_stats: 0.

CodeHeap 'non-profiled nmethods': size=120000Kb used=258Kb max_used=258Kb free=119741Kb
 bounds [0x00000192ba8b0000, 0x00000192bab20000, 0x00000192c1de0000]
CodeHeap 'profiled nmethods': size=120000Kb used=1420Kb max_used=1420Kb free=118580Kb
 bounds [0x00000192b2de0000, 0x00000192b3050000, 0x00000192ba310000]
CodeHeap 'non-nmethods': size=5760Kb used=1691Kb max_used=1707Kb free=4068Kb
 bounds [0x00000192ba310000, 0x00000192ba580000, 0x00000192ba8b0000]
 total_blobs=1986 nmethods=837 adapters=1062
 compilation: enabled
              stopped_count=0, restarted_count=0
 full_count=0

Compilation events (20 events):
Event: 0.856 Thread 0x00000192dc789fa0 nmethod 825 0x00000192b2f3fa10 code [0x00000192b2f3fbc0, 0x00000192b2f3fdc8]
Event: 0.856 Thread 0x00000192dc789fa0  826  s    3       java.io.BufferedInputStream::read (113 bytes)
Event: 0.856 Thread 0x00000192dc789fa0 nmethod 826 0x00000192b2f3fe90 code [0x00000192b2f400c0, 0x00000192b2f40998]
Event: 0.856 Thread 0x00000192dc789fa0  828       3       java.io.FileInputStream::read (8 bytes)
Event: 0.857 Thread 0x00000192dc789fa0 nmethod 828 0x00000192b2f40c10 code [0x00000192b2f40da0, 0x00000192b2f40ee8]
Event: 0.857 Thread 0x00000192dc789fa0  829       3       java.util.ArrayList$Itr::next (66 bytes)
Event: 0.858 Thread 0x00000192dc789fa0 nmethod 829 0x00000192b2f40f90 code [0x00000192b2f41180, 0x00000192b2f41548]
Event: 0.858 Thread 0x00000192dc789fa0  830       3       java.util.ArrayList$Itr::checkForComodification (23 bytes)
Event: 0.858 Thread 0x00000192dc789fa0 nmethod 830 0x00000192b2f41710 code [0x00000192b2f418c0, 0x00000192b2f41a88]
Event: 0.859 Thread 0x00000192dc789fa0  831       3       java.util.zip.ZipUtils::CENSIZ (9 bytes)
Event: 0.859 Thread 0x00000192dc789fa0 nmethod 831 0x00000192b2f41b90 code [0x00000192b2f41d40, 0x00000192b2f42018]
Event: 0.860 Thread 0x00000192dc789fa0  832       3       java.lang.ref.Reference::clear (5 bytes)
Event: 0.860 Thread 0x00000192dc781aa0  834       4       java.lang.AbstractStringBuilder::append (77 bytes)
Event: 0.860 Thread 0x00000192dc789fa0 nmethod 832 0x00000192b2f42190 code [0x00000192b2f42320, 0x00000192b2f42468]
Event: 0.861 Thread 0x00000192dc789fa0  835       3       java.lang.Module::isNamed (13 bytes)
Event: 0.861 Thread 0x00000192dc789fa0 nmethod 835 0x00000192b2f42510 code [0x00000192b2f426a0, 0x00000192b2f42818]
Event: 0.864 Thread 0x00000192dc781aa0 nmethod 834 0x00000192ba8ef510 code [0x00000192ba8ef6a0, 0x00000192ba8efc48]
Event: 0.864 Thread 0x00000192dc781aa0  836       4       java.lang.StringBuilder::append (8 bytes)
Event: 0.865 Thread 0x00000192dc789fa0  837   !   3       jdk.internal.ref.PhantomCleanable::remove (60 bytes)
Event: 0.865 Thread 0x00000192dc789fa0 nmethod 837 0x00000192b2f42890 code [0x00000192b2f42a40, 0x00000192b2f42e78]

GC Heap History (0 events):
No events

Deoptimization events (20 events):
Event: 0.280 Thread 0x00000192ab515bb0 DEOPT PACKING pc=0x00000192b2e77672 sp=0x00000020bd6fe2e0
Event: 0.280 Thread 0x00000192ab515bb0 DEOPT UNPACKING pc=0x00000192ba362b43 sp=0x00000020bd6fd758 mode 0
Event: 0.280 Thread 0x00000192ab515bb0 DEOPT PACKING pc=0x00000192b2e77672 sp=0x00000020bd6fe2e0
Event: 0.280 Thread 0x00000192ab515bb0 DEOPT UNPACKING pc=0x00000192ba362b43 sp=0x00000020bd6fd758 mode 0
Event: 0.280 Thread 0x00000192ab515bb0 DEOPT PACKING pc=0x00000192b2e77672 sp=0x00000020bd6fe2e0
Event: 0.280 Thread 0x00000192ab515bb0 DEOPT UNPACKING pc=0x00000192ba362b43 sp=0x00000020bd6fd758 mode 0
Event: 0.280 Thread 0x00000192ab515bb0 DEOPT PACKING pc=0x00000192b2e77672 sp=0x00000020bd6fe2e0
Event: 0.280 Thread 0x00000192ab515bb0 DEOPT UNPACKING pc=0x00000192ba362b43 sp=0x00000020bd6fd758 mode 0
Event: 0.280 Thread 0x00000192ab515bb0 DEOPT PACKING pc=0x00000192b2e77672 sp=0x00000020bd6fe2e0
Event: 0.280 Thread 0x00000192ab515bb0 DEOPT UNPACKING pc=0x00000192ba362b43 sp=0x00000020bd6fd758 mode 0
Event: 0.280 Thread 0x00000192ab515bb0 DEOPT PACKING pc=0x00000192b2e77672 sp=0x00000020bd6fe2e0
Event: 0.280 Thread 0x00000192ab515bb0 DEOPT UNPACKING pc=0x00000192ba362b43 sp=0x00000020bd6fd758 mode 0
Event: 0.280 Thread 0x00000192ab515bb0 DEOPT PACKING pc=0x00000192b2e77781 sp=0x00000020bd6fe2e0
Event: 0.280 Thread 0x00000192ab515bb0 DEOPT UNPACKING pc=0x00000192ba362b43 sp=0x00000020bd6fd758 mode 0
Event: 0.281 Thread 0x00000192ab515bb0 DEOPT PACKING pc=0x00000192b2e77672 sp=0x00000020bd6fe2e0
Event: 0.281 Thread 0x00000192ab515bb0 DEOPT UNPACKING pc=0x00000192ba362b43 sp=0x00000020bd6fd758 mode 0
Event: 0.804 Thread 0x00000192ab515bb0 Uncommon trap: trap_request=0xffffff6e fr.pc=0x00000192ba8e55f4 relative=0x0000000000000454
Event: 0.804 Thread 0x00000192ab515bb0 Uncommon trap: reason=loop_limit_check action=maybe_recompile pc=0x00000192ba8e55f4 method=java.lang.StringLatin1.indexOf([BI[BII)I @ 37 c2
Event: 0.804 Thread 0x00000192ab515bb0 DEOPT PACKING pc=0x00000192ba8e55f4 sp=0x00000020bd6fe460
Event: 0.804 Thread 0x00000192ab515bb0 DEOPT UNPACKING pc=0x00000192ba3623a3 sp=0x00000020bd6fe3c0 mode 2

Classes unloaded (0 events):
No events

Classes redefined (0 events):
No events

Internal exceptions (20 events):
Event: 0.173 Thread 0x00000192ab515bb0 Exception <a 'sun/nio/fs/WindowsException'{0x00000005a8575950}> (0x00000005a8575950) 
thrown [s\open\src\hotspot\share\prims\jni.cpp, line 516]
Event: 0.174 Thread 0x00000192ab515bb0 Exception <a 'sun/nio/fs/WindowsException'{0x00000005a8575ee0}> (0x00000005a8575ee0) 
thrown [s\open\src\hotspot\share\prims\jni.cpp, line 516]
Event: 0.234 Thread 0x00000192ab515bb0 Exception <a 'java/lang/NoSuchMethodError'{0x00000005a8614b70}: 'int java.lang.invoke.DirectMethodHandle$Holder.invokeStaticInit(java.lang.Object, java.lang.Object, int, long)'> (0x00000005a8614b70) 
thrown [s\open\src\hotspot\share\interpreter\linkResolver.cpp, line 759]
Event: 0.234 Thread 0x00000192ab515bb0 Exception <a 'java/lang/NoSuchMethodError'{0x00000005a861a438}: 'java.lang.Object java.lang.invoke.DirectMethodHandle$Holder.newInvokeSpecial(java.lang.Object, java.lang.Object, int)'> (0x00000005a861a438) 
thrown [s\open\src\hotspot\share\interpreter\linkResolver.cpp, line 759]
Event: 0.237 Thread 0x00000192ab515bb0 Exception <a 'java/lang/NoSuchMethodError'{0x00000005a8629028}: 'int java.lang.invoke.DirectMethodHandle$Holder.invokeStaticInit(java.lang.Object, java.lang.Object, long, long)'> (0x00000005a8629028) 
thrown [s\open\src\hotspot\share\interpreter\linkResolver.cpp, line 759]
Event: 0.241 Thread 0x00000192ab515bb0 Exception <a 'java/lang/NoSuchMethodError'{0x00000005a862f138}: 'java.lang.Object java.lang.invoke.DirectMethodHandle$Holder.newInvokeSpecial(java.lang.Object, java.lang.Object, long)'> (0x00000005a862f138) 
thrown [s\open\src\hotspot\share\interpreter\linkResolver.cpp, line 759]
Event: 0.241 Thread 0x00000192ab515bb0 Exception <a 'java/lang/NoSuchMethodError'{0x00000005a8633180}: 'java.lang.Object java.lang.invoke.Invokers$Holder.linkToTargetMethod(java.lang.Object, long, java.lang.Object)'> (0x00000005a8633180) 
thrown [s\open\src\hotspot\share\interpreter\linkResolver.cpp, line 759]
Event: 0.242 Thread 0x00000192ab515bb0 Exception <a 'java/lang/NoSuchMethodError'{0x00000005a863a898}: 'int java.lang.invoke.DirectMethodHandle$Holder.invokeStaticInit(java.lang.Object, java.lang.Object, java.lang.Object, long)'> (0x00000005a863a898) 
thrown [s\open\src\hotspot\share\interpreter\linkResolver.cpp, line 759]
Event: 0.266 Thread 0x00000192ab515bb0 Exception <a 'sun/nio/fs/WindowsException'{0x00000005a86dcd58}> (0x00000005a86dcd58) 
thrown [s\open\src\hotspot\share\prims\jni.cpp, line 516]
Event: 0.266 Thread 0x00000192ab515bb0 Exception <a 'sun/nio/fs/WindowsException'{0x00000005a86dd100}> (0x00000005a86dd100) 
thrown [s\open\src\hotspot\share\prims\jni.cpp, line 516]
Event: 0.515 Thread 0x00000192ab515bb0 Exception <a 'sun/nio/fs/WindowsException'{0x00000005a876cd48}> (0x00000005a876cd48) 
thrown [s\open\src\hotspot\share\prims\jni.cpp, line 516]
Event: 0.515 Thread 0x00000192ab515bb0 Exception <a 'sun/nio/fs/WindowsException'{0x00000005a876d128}> (0x00000005a876d128) 
thrown [s\open\src\hotspot\share\prims\jni.cpp, line 516]
Event: 0.521 Thread 0x00000192ab515bb0 Exception <a 'sun/nio/fs/WindowsException'{0x00000005a8776c08}> (0x00000005a8776c08) 
thrown [s\open\src\hotspot\share\prims\jni.cpp, line 516]
Event: 0.521 Thread 0x00000192ab515bb0 Exception <a 'sun/nio/fs/WindowsException'{0x00000005a8776f28}> (0x00000005a8776f28) 
thrown [s\open\src\hotspot\share\prims\jni.cpp, line 516]
Event: 0.804 Thread 0x00000192ab515bb0 Exception <a 'sun/nio/fs/WindowsException'{0x00000005a7e4c818}> (0x00000005a7e4c818) 
thrown [s\open\src\hotspot\share\prims\jni.cpp, line 516]
Event: 0.804 Thread 0x00000192ab515bb0 Exception <a 'sun/nio/fs/WindowsException'{0x00000005a7e4cb38}> (0x00000005a7e4cb38) 
thrown [s\open\src\hotspot\share\prims\jni.cpp, line 516]
Event: 0.804 Thread 0x00000192ab515bb0 Exception <a 'sun/nio/fs/WindowsException'{0x00000005a7e4d5d8}> (0x00000005a7e4d5d8) 
thrown [s\open\src\hotspot\share\prims\jni.cpp, line 516]
Event: 0.805 Thread 0x00000192ab515bb0 Exception <a 'sun/nio/fs/WindowsException'{0x00000005a7e54658}> (0x00000005a7e54658) 
thrown [s\open\src\hotspot\share\prims\jni.cpp, line 516]
Event: 0.822 Thread 0x00000192ab515bb0 Exception <a 'sun/nio/fs/WindowsException'{0x00000005a7e574f0}> (0x00000005a7e574f0) 
thrown [s\open\src\hotspot\share\prims\jni.cpp, line 516]
Event: 0.823 Thread 0x00000192ab515bb0 Exception <a 'sun/nio/fs/WindowsException'{0x00000005a7e578c8}> (0x00000005a7e578c8) 
thrown [s\open\src\hotspot\share\prims\jni.cpp, line 516]

VM Operations (4 events):
Event: 0.060 Executing VM operation: HandshakeAllThreads
Event: 0.060 Executing VM operation: HandshakeAllThreads done
Event: 0.096 Executing VM operation: HandshakeAllThreads
Event: 0.096 Executing VM operation: HandshakeAllThreads done

Events (20 events):
Event: 0.608 loading class jdk/internal/misc/ScopedMemoryAccess$Scope
Event: 0.608 loading class jdk/internal/misc/ScopedMemoryAccess$Scope done
Event: 0.644 loading class jdk/internal/module/ModulePatcher$PatchedModuleReader
Event: 0.644 loading class jdk/internal/module/ModulePatcher$PatchedModuleReader done
Event: 0.644 loading class sun/net/www/protocol/jrt/Handler
Event: 0.644 loading class sun/net/www/protocol/jrt/Handler done
Event: 0.647 loading class sun/util/resources/LocaleData$CommonResourceBundleProvider
Event: 0.647 loading class sun/util/resources/LocaleData$LocaleDataResourceBundleProvider
Event: 0.647 loading class java/util/spi/ResourceBundleProvider
Event: 0.647 loading class java/util/spi/ResourceBundleProvider done
Event: 0.647 loading class sun/util/resources/LocaleData$LocaleDataResourceBundleProvider done
Event: 0.647 loading class sun/util/resources/LocaleData$CommonResourceBundleProvider done
Event: 0.647 loading class sun/util/resources/Bundles$2
Event: 0.647 loading class sun/util/resources/Bundles$2 done
Event: 0.657 loading class java/lang/SecurityException
Event: 0.657 loading class java/lang/SecurityException done
Event: 0.804 loading class java/nio/file/FileAlreadyExistsException
Event: 0.804 loading class java/nio/file/FileAlreadyExistsException done
Event: 0.805 loading class java/nio/file/StandardCopyOption
Event: 0.805 loading class java/nio/file/StandardCopyOption done


Dynamic libraries:
0x00007ff6e8560000 - 0x00007ff6e8570000 	C:\Program Files\Java\jdk-17\bin\java.exe
0x00007ffa79340000 - 0x00007ffa79542000 	C:\Windows\SYSTEM32\ntdll.dll
0x00007ffa788d0000 - 0x00007ffa7898c000 	C:\Windows\System32\KERNEL32.DLL
0x00007ffa768e0000 - 0x00007ffa76c50000 	C:\Windows\System32\KERNELBASE.dll
0x00007ffa77000000 - 0x00007ffa77110000 	C:\Windows\System32\ucrtbase.dll
0x00007ffa414f0000 - 0x00007ffa41509000 	C:\Program Files\Java\jdk-17\bin\jli.dll
0x00007ffa40fd0000 - 0x00007ffa40feb000 	C:\Program Files\Java\jdk-17\bin\VCRUNTIME140.dll
0x00007ffa77b30000 - 0x00007ffa77be1000 	C:\Windows\System32\ADVAPI32.dll
0x00007ffa781a0000 - 0x00007ffa78243000 	C:\Windows\System32\msvcrt.dll
0x00007ffa77270000 - 0x00007ffa77312000 	C:\Windows\System32\sechost.dll
0x00007ffa76fd0000 - 0x00007ffa76ff7000 	C:\Windows\System32\bcrypt.dll
0x00007ffa78990000 - 0x00007ffa78ab0000 	C:\Windows\System32\RPCRT4.dll
0x00007ffa77c00000 - 0x00007ffa77da6000 	C:\Windows\System32\USER32.dll
0x00007ffa5b460000 - 0x00007ffa5b705000 	C:\Windows\WinSxS\amd64_microsoft.windows.common-controls_6595b64144ccf1df_6.0.20348.4294_none_947bfbafeeecc1d8\COMCTL32.dll
0x00007ffa768b0000 - 0x00007ffa768d6000 	C:\Windows\System32\win32u.dll
0x00007ffa77f90000 - 0x00007ffa77fbc000 	C:\Windows\System32\GDI32.dll
0x00007ffa76e30000 - 0x00007ffa76f4c000 	C:\Windows\System32\gdi32full.dll
0x00007ffa771d0000 - 0x00007ffa77270000 	C:\Windows\System32\msvcp_win.dll
0x00007ffa6d1c0000 - 0x00007ffa6d1ca000 	C:\Windows\SYSTEM32\VERSION.dll
0x00007ffa77db0000 - 0x00007ffa77de1000 	C:\Windows\System32\IMM32.DLL
0x00007ffa4a0a0000 - 0x00007ffa4a0ac000 	C:\Program Files\Java\jdk-17\bin\vcruntime140_1.dll
0x00007ffa3db80000 - 0x00007ffa3dc0e000 	C:\Program Files\Java\jdk-17\bin\msvcp140.dll
0x00007ffa06dd0000 - 0x00007ffa079b0000 	C:\Program Files\Java\jdk-17\bin\server\jvm.dll
0x00007ffa792f0000 - 0x00007ffa792f8000 	C:\Windows\System32\PSAPI.DLL
0x00007ffa71b60000 - 0x00007ffa71b87000 	C:\Windows\SYSTEM32\WINMM.dll
0x00007ffa58c60000 - 0x00007ffa58c69000 	C:\Windows\SYSTEM32\WSOCK32.dll
0x00007ffa77f10000 - 0x00007ffa77f81000 	C:\Windows\System32\WS2_32.dll
0x00007ffa752d0000 - 0x00007ffa752e7000 	C:\Windows\SYSTEM32\kernel.appcore.dll
0x00007ffa42740000 - 0x00007ffa4274a000 	C:\Program Files\Java\jdk-17\bin\jimage.dll
0x00007ffa74ce0000 - 0x00007ffa74f00000 	C:\Windows\SYSTEM32\DBGHELP.DLL
0x00007ffa5f4f0000 - 0x00007ffa5f520000 	C:\Windows\SYSTEM32\dbgcore.DLL
0x00007ffa76f50000 - 0x00007ffa76fcf000 	C:\Windows\System32\bcryptPrimitives.dll
0x00007ffa70ef0000 - 0x00007ffa70efe000 	C:\Program Files\Java\jdk-17\bin\instrument.dll
0x00007ffa40350000 - 0x00007ffa40375000 	C:\Program Files\Java\jdk-17\bin\java.dll
0x00007ffa36a00000 - 0x00007ffa36ad7000 	C:\Program Files\Java\jdk-17\bin\jsvml.dll
0x00007ffa78b90000 - 0x00007ffa792ea000 	C:\Windows\System32\SHELL32.dll
0x00007ffa71310000 - 0x00007ffa71b54000 	C:\Windows\SYSTEM32\windows.storage.dll
0x00007ffa77600000 - 0x00007ffa77970000 	C:\Windows\System32\combase.dll
0x00007ffa773a0000 - 0x00007ffa7748a000 	C:\Windows\System32\SHCORE.dll
0x00007ffa78870000 - 0x00007ffa788cf000 	C:\Windows\System32\shlwapi.dll
0x00007ffa767e0000 - 0x00007ffa76801000 	C:\Windows\SYSTEM32\profapi.dll
0x00007ffa3f700000 - 0x00007ffa3f718000 	C:\Program Files\Java\jdk-17\bin\zip.dll
0x00007ffa3fea0000 - 0x00007ffa3feb9000 	C:\Program Files\Java\jdk-17\bin\net.dll
0x00007ffa6ec60000 - 0x00007ffa6ed68000 	C:\Windows\SYSTEM32\WINHTTP.dll
0x00007ffa75d50000 - 0x00007ffa75db8000 	C:\Windows\system32\mswsock.dll
0x00007ffa3fe80000 - 0x00007ffa3fe96000 	C:\Program Files\Java\jdk-17\bin\nio.dll
0x00007ffa4ab00000 - 0x00007ffa4ab7b000 	C:\Users\Administrator\AppData\Local\Temp\lwjgl_Administrator\3.3.3+5\x64\lwjgl.dll
0x00007ffa471f0000 - 0x00007ffa47272000 	C:\Users\ADMINI~1\AppData\Local\Temp\lwjgl_Administrator\3.3.3+5\x64\glfw.dll
0x00007ffa453c0000 - 0x00007ffa45405000 	C:\Windows\SYSTEM32\dinput8.dll
0x00007ffa453a0000 - 0x00007ffa453b1000 	C:\Windows\SYSTEM32\xinput1_4.dll
0x00007ffa76590000 - 0x00007ffa765dc000 	C:\Windows\SYSTEM32\cfgmgr32.dll
0x00007ffa76560000 - 0x00007ffa7658c000 	C:\Windows\SYSTEM32\DEVOBJ.dll
0x00007ffa73e70000 - 0x00007ffa73e9f000 	C:\Windows\SYSTEM32\dwmapi.dll
0x00007ffa73c60000 - 0x00007ffa73d03000 	C:\Windows\system32\uxtheme.dll
0x00007ffa46690000 - 0x00007ffa46835000 	C:\Windows\SYSTEM32\inputhost.dll
0x00007ffa72740000 - 0x00007ffa7286f000 	C:\Windows\SYSTEM32\CoreMessaging.dll
0x00007ffa78080000 - 0x00007ffa7819d000 	C:\Windows\System32\MSCTF.dll
0x00007ffa1b3d0000 - 0x00007ffa1b4d1000 	C:\Windows\SYSTEM32\opengl32.dll
0x00007ffa1b6c0000 - 0x00007ffa1b6ed000 	C:\Windows\SYSTEM32\GLU32.dll
0x00007ffa77fc0000 - 0x00007ffa7806f000 	C:\Windows\System32\clbcatq.dll
0x00007ff9d1250000 - 0x00007ff9d3ae6000 	C:\Windows\System32\DriverStore\FileRepository\nvcvi.inf_amd64_5a4fe1e735fd8418\nvoglv64.dll
0x00007ffa78400000 - 0x00007ffa7886a000 	C:\Windows\System32\SETUPAPI.dll
0x00007ffa782c0000 - 0x00007ffa783f6000 	C:\Windows\System32\ole32.dll
0x00007ffa78ab0000 - 0x00007ffa78b88000 	C:\Windows\System32\OLEAUT32.dll
0x00007ffa70b20000 - 0x00007ffa70b34000 	C:\Windows\SYSTEM32\WTSAPI32.dll
0x00007ffa762c0000 - 0x00007ffa762d2000 	C:\Windows\SYSTEM32\msasn1.dll
0x00007ffa6aea0000 - 0x00007ffa6aed1000 	C:\Windows\SYSTEM32\cryptnet.dll
0x00007ffa76c50000 - 0x00007ffa76db0000 	C:\Windows\System32\CRYPT32.dll
0x00007ffa75f40000 - 0x00007ffa75f4c000 	C:\Windows\SYSTEM32\cryptbase.dll
0x00007ffa75fd0000 - 0x00007ffa76010000 	C:\Windows\SYSTEM32\wldp.dll
0x00007ffa6b270000 - 0x00007ffa6b3b1000 	C:\Windows\SYSTEM32\drvstore.dll
0x00007ffa76db0000 - 0x00007ffa76e27000 	C:\Windows\System32\WINTRUST.dll
0x00007ffa758d0000 - 0x00007ffa75904000 	C:\Windows\SYSTEM32\ntmarta.dll
0x00007ffa77380000 - 0x00007ffa7739f000 	C:\Windows\System32\imagehlp.dll
0x00007ffa76090000 - 0x00007ffa760ab000 	C:\Windows\SYSTEM32\CRYPTSP.dll
0x00007ffa75830000 - 0x00007ffa75868000 	C:\Windows\system32\rsaenh.dll
0x00007ffa66f20000 - 0x00007ffa6a9d3000 	C:\Windows\System32\DriverStore\FileRepository\nvcvi.inf_amd64_5a4fe1e735fd8418\nvgpucomp64.dll
0x00007ffa6d340000 - 0x00007ffa6d37a000 	C:\Windows\SYSTEM32\dxcore.dll
0x00007ffa1e670000 - 0x00007ffa1e984000 	C:\Windows\system32\nvspcap64.dll
0x00007ffa765f0000 - 0x00007ffa7663d000 	C:\Windows\SYSTEM32\powrprof.dll
0x00007ffa76520000 - 0x00007ffa76533000 	C:\Windows\SYSTEM32\UMPDC.dll
0x00007ffa76010000 - 0x00007ffa76075000 	C:\Windows\SYSTEM32\WINSTA.dll
0x00007ffa5cac0000 - 0x00007ffa5cbd5000 	C:\Windows\SYSTEM32\textinputframework.dll
0x00007ffa6e0b0000 - 0x00007ffa6e416000 	C:\Windows\SYSTEM32\CoreUIComponents.dll
0x00007ffa45950000 - 0x00007ffa459ae000 	C:\Users\Administrator\AppData\Local\Temp\lwjgl_Administrator\3.3.3+5\x64\lwjgl_opengl.dll
0x00007ffa41670000 - 0x00007ffa41680000 	C:\Program Files\Java\jdk-17\bin\verify.dll
0x00007ffa10790000 - 0x00007ffa10995000 	C:\Users\ADMINI~1\AppData\Local\Temp\lwjgl_Administrator\3.3.3+5\x64\freetype.dll
0x00007ffa35200000 - 0x00007ffa35219000 	C:\Windows\SYSTEM32\USP10.dll

dbghelp: loaded successfully - version: 4.0.5 - missing functions: none
symbol engine: initialized successfully - sym options: 0x614 - pdb path: .;C:\Program Files\Java\jdk-17\bin;C:\Windows\SYSTEM32;C:\Windows\WinSxS\amd64_microsoft.windows.common-controls_6595b64144ccf1df_6.0.20348.4294_none_947bfbafeeecc1d8;C:\Program Files\Java\jdk-17\bin\server;C:\Users\Administrator\AppData\Local\Temp\lwjgl_Administrator\3.3.3+5\x64;C:\Users\ADMINI~1\AppData\Local\Temp\lwjgl_Administrator\3.3.3+5\x64;C:\Windows\System32\DriverStore\FileRepository\nvcvi.inf_amd64_5a4fe1e735fd8418

VM Arguments:
jvm_args: -javaagent:C:\ComApp\Jetbrains\IntelliJ IDEA Ultimate\lib\idea_rt.jar=60801 -Dfile.encoding=UTF-8 
java_command: com.ksptool.mycraft.Launcher
java_class_path (initial): F:\ComRD\Projects\MyCraft\target\classes;C:\ComApp\.m2\org\lwjgl\lwjgl\3.3.3\lwjgl-3.3.3.jar;C:\ComApp\.m2\org\lwjgl\lwjgl-glfw\3.3.3\lwjgl-glfw-3.3.3.jar;C:\ComApp\.m2\org\lwjgl\lwjgl-opengl\3.3.3\lwjgl-opengl-3.3.3.jar;C:\ComApp\.m2\org\lwjgl\lwjgl-stb\3.3.3\lwjgl-stb-3.3.3.jar;C:\ComApp\.m2\org\lwjgl\lwjgl-freetype\3.3.3\lwjgl-freetype-3.3.3.jar;C:\ComApp\.m2\org\lwjgl\lwjgl\3.3.3\lwjgl-3.3.3-natives-windows.jar;C:\ComApp\.m2\org\lwjgl\lwjgl-glfw\3.3.3\lwjgl-glfw-3.3.3-natives-windows.jar;C:\ComApp\.m2\org\lwjgl\lwjgl-opengl\3.3.3\lwjgl-opengl-3.3.3-natives-windows.jar;C:\ComApp\.m2\org\lwjgl\lwjgl-stb\3.3.3\lwjgl-stb-3.3.3-natives-windows.jar;C:\ComApp\.m2\org\lwjgl\lwjgl-freetype\3.3.3\lwjgl-freetype-3.3.3-natives-windows.jar;C:\ComApp\.m2\org\joml\joml\1.10.5\joml-1.10.5.jar;C:\ComApp\.m2\org\apache\commons\commons-lang3\3.12.0\commons-lang3-3.12.0.jar
Launcher Type: SUN_STANDARD

[Global flags]
     intx CICompilerCount                          = 4                                         {product} {ergonomic}
     uint ConcGCThreads                            = 2                                         {product} {ergonomic}
     uint G1ConcRefinementThreads                  = 8                                         {product} {ergonomic}
   size_t G1HeapRegionSize                         = 8388608                                   {product} {ergonomic}
    uintx GCDrainStackTargetSize                   = 64                                        {product} {ergonomic}
   size_t InitialHeapSize                          = 671088640                                 {product} {ergonomic}
   size_t MarkStackSize                            = 4194304                                   {product} {ergonomic}
   size_t MaxHeapSize                              = 10729029632                               {product} {ergonomic}
   size_t MaxNewSize                               = 6434062336                                {product} {ergonomic}
   size_t MinHeapDeltaBytes                        = 8388608                                   {product} {ergonomic}
   size_t MinHeapSize                              = 8388608                                   {product} {ergonomic}
    uintx NonNMethodCodeHeapSize                   = 5839372                                {pd product} {ergonomic}
    uintx NonProfiledCodeHeapSize                  = 122909434                              {pd product} {ergonomic}
    uintx ProfiledCodeHeapSize                     = 122909434                              {pd product} {ergonomic}
    uintx ReservedCodeCacheSize                    = 251658240                              {pd product} {ergonomic}
     bool SegmentedCodeCache                       = true                                      {product} {ergonomic}
   size_t SoftMaxHeapSize                          = 10729029632                            {manageable} {ergonomic}
     bool UseCompressedClassPointers               = true                           {product lp64_product} {ergonomic}
     bool UseCompressedOops                        = true                           {product lp64_product} {ergonomic}
     bool UseG1GC                                  = true                                      {product} {ergonomic}
     bool UseLargePagesIndividualAllocation        = false                                  {pd product} {ergonomic}

Logging:
Log output configuration:
 #0: stdout all=warning uptime,level,tags
 #1: stderr all=off uptime,level,tags

Environment Variables:
PATH=C:\Program Files\Common Files\Oracle\Java\javapath;C:\Program Files (x86)\Common Files\Oracle\Java\javapath;C:\Windows\system32;C:\Windows;C:\Windows\System32\Wbem;C:\Windows\System32\WindowsPowerShell\v1.0\;C:\Windows\System32\OpenSSH\;C:\Program Files (x86)\NVIDIA Corporation\PhysX\Common;C:\Program Files\NVIDIA Corporation\NVIDIA app\NvDLISR;C:\ComApp\TortoiseGit\bin;C:\ComApp\NodeJS22\;C:\ComApp\Git\bin;C:\ComApp\cursor\resources\app\bin;C:\Users\Administrator\AppData\Local\Microsoft\WindowsApps;C:\Users\Administrator\AppData\Local\JetBrains\Toolbox\scripts;C:\Users\Administrator\AppData\Roaming\npm
USERNAME=Administrator
OS=Windows_NT
PROCESSOR_IDENTIFIER=Intel64 Family 6 Model 158 Stepping 13, GenuineIntel



---------------  S Y S T E M  ---------------

OS:
 Windows Server 2022 , 64 bit Build 20348 (10.0.20348.3692)
OS uptime: 1 days 7:49 hours
Hyper-V role detected

CPU: total 8 (initial active 8) (8 cores per cpu, 1 threads per core) family 6 model 158 stepping 13 microcode 0xde, cx8, cmov, fxsr, mmx, 3dnowpref, sse, sse2, sse3, ssse3, sse4.1, sse4.2, popcnt, lzcnt, tsc, tscinvbit, avx, avx2, aes, erms, clmul, bmi1, bmi2, adx, fma, vzeroupper, clflush, clflushopt, hv

Memory: 4k page, system-wide physical 40903M (9540M free)
TotalPageFile size 55751M (AvailPageFile size 15118M)
current process WorkingSet (physical memory assigned to process): 169M, peak: 170M
current process commit charge ("private bytes"): 892M, peak: 893M

vm_info: Java HotSpot(TM) 64-Bit Server VM (17.0.12+8-LTS-286) for windows-amd64 JRE (17.0.12+8-LTS-286), built on Jun  5 2024 06:46:59 by "mach5one" with MS VC++ 17.6 (VS2022)

END.
