2025-11-09 20:39:04.707 [main] INFO  c.ksptool.mycraft.world.WorldManager - 开始加载世界: saveName=111111111, worldName=111111111
2025-11-09 20:39:04.710 [main] DEBUG c.ksptool.mycraft.world.WorldManager - 找到世界元数据: seed=1762690965026, worldTime=39991
2025-11-09 20:39:04.713 [main] DEBUG c.ksptool.mycraft.world.WorldManager - 已设置区块区域管理器
2025-11-09 20:39:04.713 [main] DEBUG c.ksptool.mycraft.world.WorldManager - 已设置实体区域管理器
2025-11-09 20:39:04.902 [main] INFO  c.ksptool.mycraft.world.WorldManager - 世界加载完成: saveName=111111111, worldName=111111111
2025-11-09 20:39:07.786 [main] DEBUG c.k.mycraft.world.save.SaveManager - 加载玩家数据成功: UUID=7d287740-12d8-4769-834a-e2cd88b77758
2025-11-09 20:39:33.343 [main] INFO  c.ksptool.mycraft.world.WorldManager - 开始保存世界: saveName=111111111, worldName=111111111
2025-11-09 20:39:33.347 [main] DEBUG c.k.mycraft.world.save.SaveManager - 保存调色板成功: 状态数=9
2025-11-09 20:39:33.347 [main] DEBUG c.ksptool.mycraft.world.WorldManager - 已保存世界索引和调色板
2025-11-09 20:39:33.347 [main] INFO  c.ksptool.mycraft.world.WorldManager - 开始保存区块数据，当前已加载区块数: 289
2025-11-09 20:39:33.347 [main] DEBUG com.ksptool.mycraft.world.World - 保存脏区块 [7,7] 到区域 [0,0] 本地坐标 [7,7]
2025-11-09 20:39:33.364 [main] DEBUG com.ksptool.mycraft.world.World - 保存脏区块 [7,-8] 到区域 [0,-1] 本地坐标 [7,32]
2025-11-09 20:39:33.368 [main] DEBUG com.ksptool.mycraft.world.World - 保存脏区块 [6,6] 到区域 [0,0] 本地坐标 [6,6]
2025-11-09 20:39:33.371 [main] DEBUG com.ksptool.mycraft.world.World - 保存脏区块 [6,-7] 到区域 [0,-1] 本地坐标 [6,33]
2025-11-09 20:39:33.375 [main] DEBUG com.ksptool.mycraft.world.World - 保存脏区块 [5,5] 到区域 [0,0] 本地坐标 [5,5]
2025-11-09 20:39:33.379 [main] DEBUG com.ksptool.mycraft.world.World - 保存脏区块 [5,-6] 到区域 [0,-1] 本地坐标 [5,34]
2025-11-09 20:39:33.382 [main] DEBUG com.ksptool.mycraft.world.World - 保存脏区块 [4,4] 到区域 [0,0] 本地坐标 [4,4]
2025-11-09 20:39:33.386 [main] DEBUG com.ksptool.mycraft.world.World - 保存脏区块 [4,-5] 到区域 [0,-1] 本地坐标 [4,35]
2025-11-09 20:39:33.389 [main] DEBUG com.ksptool.mycraft.world.World - 保存脏区块 [3,3] 到区域 [0,0] 本地坐标 [3,3]
2025-11-09 20:39:33.392 [main] DEBUG com.ksptool.mycraft.world.World - 保存脏区块 [3,-4] 到区域 [0,-1] 本地坐标 [3,36]
2025-11-09 20:39:33.396 [main] DEBUG com.ksptool.mycraft.world.World - 保存脏区块 [2,-3] 到区域 [0,-1] 本地坐标 [2,37]
2025-11-09 20:39:33.399 [main] DEBUG com.ksptool.mycraft.world.World - 保存脏区块 [-3,2] 到区域 [-1,0] 本地坐标 [37,2]
2025-11-09 20:39:33.403 [main] DEBUG com.ksptool.mycraft.world.World - 保存脏区块 [-3,-3] 到区域 [-1,-1] 本地坐标 [37,37]
2025-11-09 20:39:33.407 [main] DEBUG com.ksptool.mycraft.world.World - 保存脏区块 [-4,3] 到区域 [-1,0] 本地坐标 [36,3]
2025-11-09 20:39:33.411 [main] DEBUG com.ksptool.mycraft.world.World - 保存脏区块 [-4,-4] 到区域 [-1,-1] 本地坐标 [36,36]
2025-11-09 20:39:33.414 [main] DEBUG com.ksptool.mycraft.world.World - 保存脏区块 [-5,4] 到区域 [-1,0] 本地坐标 [35,4]
2025-11-09 20:39:33.417 [main] DEBUG com.ksptool.mycraft.world.World - 保存脏区块 [-5,-5] 到区域 [-1,-1] 本地坐标 [35,35]
2025-11-09 20:39:33.421 [main] DEBUG com.ksptool.mycraft.world.World - 保存脏区块 [-6,5] 到区域 [-1,0] 本地坐标 [34,5]
2025-11-09 20:39:33.424 [main] DEBUG com.ksptool.mycraft.world.World - 保存脏区块 [-6,-6] 到区域 [-1,-1] 本地坐标 [34,34]
2025-11-09 20:39:33.428 [main] DEBUG com.ksptool.mycraft.world.World - 保存脏区块 [-7,6] 到区域 [-1,0] 本地坐标 [33,6]
2025-11-09 20:39:33.431 [main] DEBUG com.ksptool.mycraft.world.World - 保存脏区块 [-7,-7] 到区域 [-1,-1] 本地坐标 [33,33]
2025-11-09 20:39:33.435 [main] DEBUG com.ksptool.mycraft.world.World - 保存脏区块 [-8,7] 到区域 [-1,0] 本地坐标 [32,7]
2025-11-09 20:39:33.439 [main] DEBUG com.ksptool.mycraft.world.World - 保存脏区块 [-8,-8] 到区域 [-1,-1] 本地坐标 [32,32]
2025-11-09 20:39:33.442 [main] DEBUG com.ksptool.mycraft.world.World - 保存脏区块 [-9,8] 到区域 [-1,0] 本地坐标 [31,8]
2025-11-09 20:39:33.445 [main] DEBUG com.ksptool.mycraft.world.World - 保存脏区块 [-2,-2] 到区域 [-1,-1] 本地坐标 [38,38]
2025-11-09 20:39:33.449 [main] DEBUG com.ksptool.mycraft.world.World - 保存脏区块 [-2,1] 到区域 [-1,0] 本地坐标 [38,1]
2025-11-09 20:39:33.452 [main] DEBUG com.ksptool.mycraft.world.World - 保存脏区块 [-1,-1] 到区域 [-1,-1] 本地坐标 [39,39]
2025-11-09 20:39:33.456 [main] DEBUG com.ksptool.mycraft.world.World - 保存脏区块 [-1,0] 到区域 [-1,0] 本地坐标 [39,0]
2025-11-09 20:39:33.459 [main] DEBUG com.ksptool.mycraft.world.World - 保存脏实体区块 [-1,0]
2025-11-09 20:39:33.462 [main] DEBUG com.ksptool.mycraft.world.World - 成功保存区块 [-1,0] 的 1 个实体
2025-11-09 20:39:33.463 [main] DEBUG com.ksptool.mycraft.world.World - 保存脏区块 [0,-1] 到区域 [0,-1] 本地坐标 [0,39]
2025-11-09 20:39:33.464 [main] DEBUG com.ksptool.mycraft.world.World - 保存脏区块 [0,0] 到区域 [0,0] 本地坐标 [0,0]
2025-11-09 20:39:33.466 [main] DEBUG com.ksptool.mycraft.world.World - 保存脏实体区块 [0,0]
2025-11-09 20:39:33.466 [main] DEBUG com.ksptool.mycraft.world.World - 保存脏区块 [1,-2] 到区域 [0,-1] 本地坐标 [1,38]
2025-11-09 20:39:33.468 [main] DEBUG com.ksptool.mycraft.world.World - 保存脏区块 [1,1] 到区域 [0,0] 本地坐标 [1,1]
2025-11-09 20:39:33.469 [main] DEBUG com.ksptool.mycraft.world.World - 保存脏区块 [2,2] 到区域 [0,0] 本地坐标 [2,2]
2025-11-09 20:39:33.471 [main] DEBUG com.ksptool.mycraft.world.World - 保存脏区块 [7,6] 到区域 [0,0] 本地坐标 [7,6]
2025-11-09 20:39:33.472 [main] DEBUG com.ksptool.mycraft.world.World - 保存脏区块 [7,-7] 到区域 [0,-1] 本地坐标 [7,33]
2025-11-09 20:39:33.474 [main] DEBUG com.ksptool.mycraft.world.World - 保存脏区块 [6,7] 到区域 [0,0] 本地坐标 [6,7]
2025-11-09 20:39:33.475 [main] DEBUG com.ksptool.mycraft.world.World - 保存脏区块 [6,-8] 到区域 [0,-1] 本地坐标 [6,32]
2025-11-09 20:39:33.476 [main] DEBUG com.ksptool.mycraft.world.World - 保存脏区块 [5,4] 到区域 [0,0] 本地坐标 [5,4]
2025-11-09 20:39:33.478 [main] DEBUG com.ksptool.mycraft.world.World - 保存脏区块 [5,-5] 到区域 [0,-1] 本地坐标 [5,35]
2025-11-09 20:39:33.479 [main] DEBUG com.ksptool.mycraft.world.World - 保存脏区块 [4,5] 到区域 [0,0] 本地坐标 [4,5]
2025-11-09 20:39:33.481 [main] DEBUG com.ksptool.mycraft.world.World - 保存脏区块 [4,-6] 到区域 [0,-1] 本地坐标 [4,34]
2025-11-09 20:39:33.482 [main] DEBUG com.ksptool.mycraft.world.World - 保存脏区块 [3,2] 到区域 [0,0] 本地坐标 [3,2]
2025-11-09 20:39:33.484 [main] DEBUG com.ksptool.mycraft.world.World - 保存脏区块 [3,-3] 到区域 [0,-1] 本地坐标 [3,37]
2025-11-09 20:39:33.485 [main] DEBUG com.ksptool.mycraft.world.World - 保存脏区块 [2,3] 到区域 [0,0] 本地坐标 [2,3]
2025-11-09 20:39:33.487 [main] DEBUG com.ksptool.mycraft.world.World - 保存脏区块 [2,-4] 到区域 [0,-1] 本地坐标 [2,36]
2025-11-09 20:39:33.489 [main] DEBUG com.ksptool.mycraft.world.World - 保存脏区块 [-3,3] 到区域 [-1,0] 本地坐标 [37,3]
2025-11-09 20:39:33.490 [main] DEBUG com.ksptool.mycraft.world.World - 保存脏区块 [-3,-4] 到区域 [-1,-1] 本地坐标 [37,36]
2025-11-09 20:39:33.492 [main] DEBUG com.ksptool.mycraft.world.World - 保存脏区块 [-4,2] 到区域 [-1,0] 本地坐标 [36,2]
2025-11-09 20:39:33.493 [main] DEBUG com.ksptool.mycraft.world.World - 保存脏区块 [-4,-3] 到区域 [-1,-1] 本地坐标 [36,37]
2025-11-09 20:39:33.495 [main] DEBUG com.ksptool.mycraft.world.World - 保存脏区块 [-5,5] 到区域 [-1,0] 本地坐标 [35,5]
2025-11-09 20:39:33.497 [main] DEBUG com.ksptool.mycraft.world.World - 保存脏区块 [-5,-6] 到区域 [-1,-1] 本地坐标 [35,34]
2025-11-09 20:39:33.498 [main] DEBUG com.ksptool.mycraft.world.World - 保存脏区块 [-6,4] 到区域 [-1,0] 本地坐标 [34,4]
2025-11-09 20:39:33.500 [main] DEBUG com.ksptool.mycraft.world.World - 保存脏区块 [-6,-5] 到区域 [-1,-1] 本地坐标 [34,35]
2025-11-09 20:39:33.501 [main] DEBUG com.ksptool.mycraft.world.World - 保存脏区块 [-7,7] 到区域 [-1,0] 本地坐标 [33,7]
2025-11-09 20:39:33.503 [main] DEBUG com.ksptool.mycraft.world.World - 保存脏区块 [-7,-8] 到区域 [-1,-1] 本地坐标 [33,32]
2025-11-09 20:39:33.504 [main] DEBUG com.ksptool.mycraft.world.World - 保存脏区块 [-8,6] 到区域 [-1,0] 本地坐标 [32,6]
2025-11-09 20:39:33.506 [main] DEBUG com.ksptool.mycraft.world.World - 保存脏区块 [-2,-1] 到区域 [-1,-1] 本地坐标 [38,39]
2025-11-09 20:39:33.507 [main] DEBUG com.ksptool.mycraft.world.World - 保存脏区块 [-2,0] 到区域 [-1,0] 本地坐标 [38,0]
2025-11-09 20:39:33.509 [main] DEBUG com.ksptool.mycraft.world.World - 保存脏实体区块 [-2,0]
2025-11-09 20:39:33.509 [main] DEBUG com.ksptool.mycraft.world.World - 保存脏区块 [-1,-2] 到区域 [-1,-1] 本地坐标 [39,38]
2025-11-09 20:39:33.510 [main] DEBUG com.ksptool.mycraft.world.World - 保存脏区块 [-1,1] 到区域 [-1,0] 本地坐标 [39,1]
2025-11-09 20:39:33.512 [main] DEBUG com.ksptool.mycraft.world.World - 保存脏区块 [0,-2] 到区域 [0,-1] 本地坐标 [0,38]
2025-11-09 20:39:33.513 [main] DEBUG com.ksptool.mycraft.world.World - 保存脏区块 [0,1] 到区域 [0,0] 本地坐标 [0,1]
2025-11-09 20:39:33.515 [main] DEBUG com.ksptool.mycraft.world.World - 保存脏区块 [1,-1] 到区域 [0,-1] 本地坐标 [1,39]
2025-11-09 20:39:33.516 [main] DEBUG com.ksptool.mycraft.world.World - 保存脏区块 [1,0] 到区域 [0,0] 本地坐标 [1,0]
2025-11-09 20:39:33.517 [main] DEBUG com.ksptool.mycraft.world.World - 保存脏区块 [-8,-7] 到区域 [-1,-1] 本地坐标 [32,33]
2025-11-09 20:39:33.519 [main] DEBUG com.ksptool.mycraft.world.World - 保存脏区块 [7,5] 到区域 [0,0] 本地坐标 [7,5]
2025-11-09 20:39:33.520 [main] DEBUG com.ksptool.mycraft.world.World - 保存脏区块 [7,-6] 到区域 [0,-1] 本地坐标 [7,34]
2025-11-09 20:39:33.522 [main] DEBUG com.ksptool.mycraft.world.World - 保存脏区块 [6,4] 到区域 [0,0] 本地坐标 [6,4]
2025-11-09 20:39:33.523 [main] DEBUG com.ksptool.mycraft.world.World - 保存脏区块 [6,-5] 到区域 [0,-1] 本地坐标 [6,35]
2025-11-09 20:39:33.524 [main] DEBUG com.ksptool.mycraft.world.World - 保存脏区块 [5,7] 到区域 [0,0] 本地坐标 [5,7]
2025-11-09 20:39:33.526 [main] DEBUG com.ksptool.mycraft.world.World - 保存脏区块 [5,-8] 到区域 [0,-1] 本地坐标 [5,32]
2025-11-09 20:39:33.527 [main] DEBUG com.ksptool.mycraft.world.World - 保存脏区块 [4,6] 到区域 [0,0] 本地坐标 [4,6]
2025-11-09 20:39:33.529 [main] DEBUG com.ksptool.mycraft.world.World - 保存脏区块 [4,-7] 到区域 [0,-1] 本地坐标 [4,33]
2025-11-09 20:39:33.530 [main] DEBUG com.ksptool.mycraft.world.World - 保存脏区块 [3,1] 到区域 [0,0] 本地坐标 [3,1]
2025-11-09 20:39:33.532 [main] DEBUG com.ksptool.mycraft.world.World - 保存脏区块 [3,-2] 到区域 [0,-1] 本地坐标 [3,38]
2025-11-09 20:39:33.533 [main] DEBUG com.ksptool.mycraft.world.World - 保存脏区块 [1,3] 到区域 [0,0] 本地坐标 [1,3]
2025-11-09 20:39:33.534 [main] DEBUG com.ksptool.mycraft.world.World - 保存脏区块 [1,-4] 到区域 [0,-1] 本地坐标 [1,36]
2025-11-09 20:39:33.536 [main] DEBUG com.ksptool.mycraft.world.World - 保存脏区块 [0,-3] 到区域 [0,-1] 本地坐标 [0,37]
2025-11-09 20:39:33.537 [main] DEBUG com.ksptool.mycraft.world.World - 保存脏区块 [-1,-3] 到区域 [-1,-1] 本地坐标 [39,37]
2025-11-09 20:39:33.539 [main] DEBUG com.ksptool.mycraft.world.World - 保存脏区块 [-2,3] 到区域 [-1,0] 本地坐标 [38,3]
2025-11-09 20:39:33.540 [main] DEBUG com.ksptool.mycraft.world.World - 保存脏区块 [-2,-4] 到区域 [-1,-1] 本地坐标 [38,36]
2025-11-09 20:39:33.542 [main] DEBUG com.ksptool.mycraft.world.World - 保存脏区块 [-3,0] 到区域 [-1,0] 本地坐标 [37,0]
2025-11-09 20:39:33.543 [main] DEBUG com.ksptool.mycraft.world.World - 保存脏区块 [-3,-1] 到区域 [-1,-1] 本地坐标 [37,39]
2025-11-09 20:39:33.545 [main] DEBUG com.ksptool.mycraft.world.World - 保存脏区块 [-4,1] 到区域 [-1,0] 本地坐标 [36,1]
2025-11-09 20:39:33.546 [main] DEBUG com.ksptool.mycraft.world.World - 保存脏区块 [-4,-2] 到区域 [-1,-1] 本地坐标 [36,38]
2025-11-09 20:39:33.548 [main] DEBUG com.ksptool.mycraft.world.World - 保存脏区块 [-5,6] 到区域 [-1,0] 本地坐标 [35,6]
2025-11-09 20:39:33.549 [main] DEBUG com.ksptool.mycraft.world.World - 保存脏区块 [-5,-7] 到区域 [-1,-1] 本地坐标 [35,33]
2025-11-09 20:39:33.550 [main] DEBUG com.ksptool.mycraft.world.World - 保存脏区块 [-6,7] 到区域 [-1,0] 本地坐标 [34,7]
2025-11-09 20:39:33.552 [main] DEBUG com.ksptool.mycraft.world.World - 保存脏区块 [-1,2] 到区域 [-1,0] 本地坐标 [39,2]
2025-11-09 20:39:33.554 [main] DEBUG com.ksptool.mycraft.world.World - 保存脏区块 [0,2] 到区域 [0,0] 本地坐标 [0,2]
2025-11-09 20:39:33.555 [main] DEBUG com.ksptool.mycraft.world.World - 保存脏区块 [2,-1] 到区域 [0,-1] 本地坐标 [2,39]
2025-11-09 20:39:33.557 [main] DEBUG com.ksptool.mycraft.world.World - 保存脏区块 [2,0] 到区域 [0,0] 本地坐标 [2,0]
2025-11-09 20:39:33.558 [main] DEBUG com.ksptool.mycraft.world.World - 保存脏区块 [-8,-6] 到区域 [-1,-1] 本地坐标 [32,34]
2025-11-09 20:39:33.560 [main] DEBUG com.ksptool.mycraft.world.World - 保存脏区块 [-8,5] 到区域 [-1,0] 本地坐标 [32,5]
2025-11-09 20:39:33.562 [main] DEBUG com.ksptool.mycraft.world.World - 保存脏区块 [-7,-5] 到区域 [-1,-1] 本地坐标 [33,35]
2025-11-09 20:39:33.563 [main] DEBUG com.ksptool.mycraft.world.World - 保存脏区块 [-7,4] 到区域 [-1,0] 本地坐标 [33,4]
2025-11-09 20:39:33.565 [main] DEBUG com.ksptool.mycraft.world.World - 保存脏区块 [-6,-8] 到区域 [-1,-1] 本地坐标 [34,32]
2025-11-09 20:39:33.566 [main] DEBUG com.ksptool.mycraft.world.World - 保存脏区块 [7,4] 到区域 [0,0] 本地坐标 [7,4]
2025-11-09 20:39:33.568 [main] DEBUG com.ksptool.mycraft.world.World - 保存脏区块 [7,-5] 到区域 [0,-1] 本地坐标 [7,35]
2025-11-09 20:39:33.569 [main] DEBUG com.ksptool.mycraft.world.World - 保存脏区块 [6,5] 到区域 [0,0] 本地坐标 [6,5]
2025-11-09 20:39:33.571 [main] DEBUG com.ksptool.mycraft.world.World - 保存脏区块 [6,-6] 到区域 [0,-1] 本地坐标 [6,34]
2025-11-09 20:39:33.572 [main] DEBUG com.ksptool.mycraft.world.World - 保存脏区块 [5,6] 到区域 [0,0] 本地坐标 [5,6]
2025-11-09 20:39:33.574 [main] DEBUG com.ksptool.mycraft.world.World - 保存脏区块 [5,-7] 到区域 [0,-1] 本地坐标 [5,33]
2025-11-09 20:39:33.576 [main] DEBUG com.ksptool.mycraft.world.World - 保存脏区块 [4,7] 到区域 [0,0] 本地坐标 [4,7]
2025-11-09 20:39:33.577 [main] DEBUG com.ksptool.mycraft.world.World - 保存脏区块 [4,-8] 到区域 [0,-1] 本地坐标 [4,32]
2025-11-09 20:39:33.579 [main] DEBUG com.ksptool.mycraft.world.World - 保存脏区块 [3,0] 到区域 [0,0] 本地坐标 [3,0]
2025-11-09 20:39:33.580 [main] DEBUG com.ksptool.mycraft.world.World - 保存脏区块 [3,-1] 到区域 [0,-1] 本地坐标 [3,39]
2025-11-09 20:39:33.582 [main] DEBUG com.ksptool.mycraft.world.World - 保存脏区块 [1,-3] 到区域 [0,-1] 本地坐标 [1,37]
2025-11-09 20:39:33.584 [main] DEBUG com.ksptool.mycraft.world.World - 保存脏区块 [0,3] 到区域 [0,0] 本地坐标 [0,3]
2025-11-09 20:39:33.585 [main] DEBUG com.ksptool.mycraft.world.World - 保存脏区块 [0,-4] 到区域 [0,-1] 本地坐标 [0,36]
2025-11-09 20:39:33.587 [main] DEBUG com.ksptool.mycraft.world.World - 保存脏区块 [-1,3] 到区域 [-1,0] 本地坐标 [39,3]
2025-11-09 20:39:33.589 [main] DEBUG com.ksptool.mycraft.world.World - 保存脏区块 [-1,-4] 到区域 [-1,-1] 本地坐标 [39,36]
2025-11-09 20:39:33.591 [main] DEBUG com.ksptool.mycraft.world.World - 保存脏区块 [-2,-3] 到区域 [-1,-1] 本地坐标 [38,37]
2025-11-09 20:39:33.592 [main] DEBUG com.ksptool.mycraft.world.World - 保存脏区块 [-3,1] 到区域 [-1,0] 本地坐标 [37,1]
2025-11-09 20:39:33.594 [main] DEBUG com.ksptool.mycraft.world.World - 保存脏区块 [-3,-2] 到区域 [-1,-1] 本地坐标 [37,38]
2025-11-09 20:39:33.596 [main] DEBUG com.ksptool.mycraft.world.World - 保存脏区块 [-4,0] 到区域 [-1,0] 本地坐标 [36,0]
2025-11-09 20:39:33.598 [main] DEBUG com.ksptool.mycraft.world.World - 保存脏区块 [-4,-1] 到区域 [-1,-1] 本地坐标 [36,39]
2025-11-09 20:39:33.599 [main] DEBUG com.ksptool.mycraft.world.World - 保存脏区块 [-5,7] 到区域 [-1,0] 本地坐标 [35,7]
2025-11-09 20:39:33.601 [main] DEBUG com.ksptool.mycraft.world.World - 保存脏区块 [-5,-8] 到区域 [-1,-1] 本地坐标 [35,32]
2025-11-09 20:39:33.602 [main] DEBUG com.ksptool.mycraft.world.World - 保存脏区块 [-6,6] 到区域 [-1,0] 本地坐标 [34,6]
2025-11-09 20:39:33.604 [main] DEBUG com.ksptool.mycraft.world.World - 保存脏区块 [-2,2] 到区域 [-1,0] 本地坐标 [38,2]
2025-11-09 20:39:33.606 [main] DEBUG com.ksptool.mycraft.world.World - 保存脏区块 [1,2] 到区域 [0,0] 本地坐标 [1,2]
2025-11-09 20:39:33.607 [main] DEBUG com.ksptool.mycraft.world.World - 保存脏区块 [2,-2] 到区域 [0,-1] 本地坐标 [2,38]
2025-11-09 20:39:33.609 [main] DEBUG com.ksptool.mycraft.world.World - 保存脏区块 [2,1] 到区域 [0,0] 本地坐标 [2,1]
2025-11-09 20:39:33.610 [main] DEBUG com.ksptool.mycraft.world.World - 保存脏区块 [-8,-5] 到区域 [-1,-1] 本地坐标 [32,35]
2025-11-09 20:39:33.612 [main] DEBUG com.ksptool.mycraft.world.World - 保存脏区块 [-8,4] 到区域 [-1,0] 本地坐标 [32,4]
2025-11-09 20:39:33.613 [main] DEBUG com.ksptool.mycraft.world.World - 保存脏区块 [-7,-6] 到区域 [-1,-1] 本地坐标 [33,34]
2025-11-09 20:39:33.615 [main] DEBUG com.ksptool.mycraft.world.World - 保存脏区块 [-7,5] 到区域 [-1,0] 本地坐标 [33,5]
2025-11-09 20:39:33.616 [main] DEBUG com.ksptool.mycraft.world.World - 保存脏区块 [-6,-7] 到区域 [-1,-1] 本地坐标 [34,33]
2025-11-09 20:39:33.618 [main] DEBUG com.ksptool.mycraft.world.World - 保存脏区块 [7,3] 到区域 [0,0] 本地坐标 [7,3]
2025-11-09 20:39:33.619 [main] DEBUG com.ksptool.mycraft.world.World - 保存脏区块 [7,-4] 到区域 [0,-1] 本地坐标 [7,36]
2025-11-09 20:39:33.620 [main] DEBUG com.ksptool.mycraft.world.World - 保存脏区块 [6,2] 到区域 [0,0] 本地坐标 [6,2]
2025-11-09 20:39:33.622 [main] DEBUG com.ksptool.mycraft.world.World - 保存脏区块 [6,-3] 到区域 [0,-1] 本地坐标 [6,37]
2025-11-09 20:39:33.623 [main] DEBUG com.ksptool.mycraft.world.World - 保存脏区块 [5,1] 到区域 [0,0] 本地坐标 [5,1]
2025-11-09 20:39:33.625 [main] DEBUG com.ksptool.mycraft.world.World - 保存脏区块 [5,-2] 到区域 [0,-1] 本地坐标 [5,38]
2025-11-09 20:39:33.626 [main] DEBUG com.ksptool.mycraft.world.World - 保存脏区块 [4,0] 到区域 [0,0] 本地坐标 [4,0]
2025-11-09 20:39:33.628 [main] DEBUG com.ksptool.mycraft.world.World - 保存脏区块 [4,-1] 到区域 [0,-1] 本地坐标 [4,39]
2025-11-09 20:39:33.629 [main] DEBUG com.ksptool.mycraft.world.World - 保存脏区块 [3,7] 到区域 [0,0] 本地坐标 [3,7]
2025-11-09 20:39:33.630 [main] DEBUG com.ksptool.mycraft.world.World - 保存脏区块 [3,-8] 到区域 [0,-1] 本地坐标 [3,32]
2025-11-09 20:39:33.632 [main] DEBUG com.ksptool.mycraft.world.World - 保存脏区块 [2,6] 到区域 [0,0] 本地坐标 [2,6]
2025-11-09 20:39:33.633 [main] DEBUG com.ksptool.mycraft.world.World - 保存脏区块 [2,-7] 到区域 [0,-1] 本地坐标 [2,33]
2025-11-09 20:39:33.634 [main] DEBUG com.ksptool.mycraft.world.World - 保存脏区块 [1,5] 到区域 [0,0] 本地坐标 [1,5]
2025-11-09 20:39:33.636 [main] DEBUG com.ksptool.mycraft.world.World - 保存脏区块 [1,-6] 到区域 [0,-1] 本地坐标 [1,34]
2025-11-09 20:39:33.637 [main] DEBUG com.ksptool.mycraft.world.World - 保存脏区块 [0,4] 到区域 [0,0] 本地坐标 [0,4]
2025-11-09 20:39:33.638 [main] DEBUG com.ksptool.mycraft.world.World - 保存脏区块 [0,-5] 到区域 [0,-1] 本地坐标 [0,35]
2025-11-09 20:39:33.640 [main] DEBUG com.ksptool.mycraft.world.World - 保存脏区块 [-1,4] 到区域 [-1,0] 本地坐标 [39,4]
2025-11-09 20:39:33.641 [main] DEBUG com.ksptool.mycraft.world.World - 保存脏区块 [-1,-5] 到区域 [-1,-1] 本地坐标 [39,35]
2025-11-09 20:39:33.643 [main] DEBUG com.ksptool.mycraft.world.World - 保存脏区块 [-2,5] 到区域 [-1,0] 本地坐标 [38,5]
2025-11-09 20:39:33.644 [main] DEBUG com.ksptool.mycraft.world.World - 保存脏区块 [-2,-6] 到区域 [-1,-1] 本地坐标 [38,34]
2025-11-09 20:39:33.646 [main] DEBUG com.ksptool.mycraft.world.World - 保存脏区块 [-3,6] 到区域 [-1,0] 本地坐标 [37,6]
2025-11-09 20:39:33.647 [main] DEBUG com.ksptool.mycraft.world.World - 保存脏区块 [-3,-7] 到区域 [-1,-1] 本地坐标 [37,33]
2025-11-09 20:39:33.649 [main] DEBUG com.ksptool.mycraft.world.World - 保存脏区块 [-4,7] 到区域 [-1,0] 本地坐标 [36,7]
2025-11-09 20:39:33.651 [main] DEBUG com.ksptool.mycraft.world.World - 保存脏区块 [-8,-4] 到区域 [-1,-1] 本地坐标 [32,36]
2025-11-09 20:39:33.652 [main] DEBUG com.ksptool.mycraft.world.World - 保存脏区块 [-8,3] 到区域 [-1,0] 本地坐标 [32,3]
2025-11-09 20:39:33.653 [main] DEBUG com.ksptool.mycraft.world.World - 保存脏区块 [-7,-3] 到区域 [-1,-1] 本地坐标 [33,37]
2025-11-09 20:39:33.655 [main] DEBUG com.ksptool.mycraft.world.World - 保存脏区块 [-7,2] 到区域 [-1,0] 本地坐标 [33,2]
2025-11-09 20:39:33.656 [main] DEBUG com.ksptool.mycraft.world.World - 保存脏区块 [-6,-2] 到区域 [-1,-1] 本地坐标 [34,38]
2025-11-09 20:39:33.658 [main] DEBUG com.ksptool.mycraft.world.World - 保存脏区块 [-6,1] 到区域 [-1,0] 本地坐标 [34,1]
2025-11-09 20:39:33.659 [main] DEBUG com.ksptool.mycraft.world.World - 保存脏区块 [-5,-1] 到区域 [-1,-1] 本地坐标 [35,39]
2025-11-09 20:39:33.661 [main] DEBUG com.ksptool.mycraft.world.World - 保存脏区块 [-5,0] 到区域 [-1,0] 本地坐标 [35,0]
2025-11-09 20:39:33.662 [main] DEBUG com.ksptool.mycraft.world.World - 保存脏区块 [-4,-8] 到区域 [-1,-1] 本地坐标 [36,32]
2025-11-09 20:39:33.663 [main] DEBUG com.ksptool.mycraft.world.World - 保存脏区块 [7,2] 到区域 [0,0] 本地坐标 [7,2]
2025-11-09 20:39:33.665 [main] DEBUG com.ksptool.mycraft.world.World - 保存脏区块 [7,-3] 到区域 [0,-1] 本地坐标 [7,37]
2025-11-09 20:39:33.666 [main] DEBUG com.ksptool.mycraft.world.World - 保存脏区块 [6,3] 到区域 [0,0] 本地坐标 [6,3]
2025-11-09 20:39:33.667 [main] DEBUG com.ksptool.mycraft.world.World - 保存脏区块 [6,-4] 到区域 [0,-1] 本地坐标 [6,36]
2025-11-09 20:39:33.669 [main] DEBUG com.ksptool.mycraft.world.World - 保存脏区块 [5,0] 到区域 [0,0] 本地坐标 [5,0]
2025-11-09 20:39:33.670 [main] DEBUG com.ksptool.mycraft.world.World - 保存脏区块 [5,-1] 到区域 [0,-1] 本地坐标 [5,39]
2025-11-09 20:39:33.671 [main] DEBUG com.ksptool.mycraft.world.World - 保存脏区块 [4,1] 到区域 [0,0] 本地坐标 [4,1]
2025-11-09 20:39:33.673 [main] DEBUG com.ksptool.mycraft.world.World - 保存脏区块 [4,-2] 到区域 [0,-1] 本地坐标 [4,38]
2025-11-09 20:39:33.674 [main] DEBUG com.ksptool.mycraft.world.World - 保存脏区块 [3,6] 到区域 [0,0] 本地坐标 [3,6]
2025-11-09 20:39:33.675 [main] DEBUG com.ksptool.mycraft.world.World - 保存脏区块 [3,-7] 到区域 [0,-1] 本地坐标 [3,33]
2025-11-09 20:39:33.677 [main] DEBUG com.ksptool.mycraft.world.World - 保存脏区块 [2,7] 到区域 [0,0] 本地坐标 [2,7]
2025-11-09 20:39:33.678 [main] DEBUG com.ksptool.mycraft.world.World - 保存脏区块 [2,-8] 到区域 [0,-1] 本地坐标 [2,32]
2025-11-09 20:39:33.679 [main] DEBUG com.ksptool.mycraft.world.World - 保存脏区块 [1,4] 到区域 [0,0] 本地坐标 [1,4]
2025-11-09 20:39:33.680 [main] DEBUG com.ksptool.mycraft.world.World - 保存脏区块 [1,-5] 到区域 [0,-1] 本地坐标 [1,35]
2025-11-09 20:39:33.682 [main] DEBUG com.ksptool.mycraft.world.World - 保存脏区块 [0,5] 到区域 [0,0] 本地坐标 [0,5]
2025-11-09 20:39:33.683 [main] DEBUG com.ksptool.mycraft.world.World - 保存脏区块 [0,-6] 到区域 [0,-1] 本地坐标 [0,34]
2025-11-09 20:39:33.684 [main] DEBUG com.ksptool.mycraft.world.World - 保存脏区块 [-1,5] 到区域 [-1,0] 本地坐标 [39,5]
2025-11-09 20:39:33.685 [main] DEBUG com.ksptool.mycraft.world.World - 保存脏区块 [-1,-6] 到区域 [-1,-1] 本地坐标 [39,34]
2025-11-09 20:39:33.687 [main] DEBUG com.ksptool.mycraft.world.World - 保存脏区块 [-2,4] 到区域 [-1,0] 本地坐标 [38,4]
2025-11-09 20:39:33.688 [main] DEBUG com.ksptool.mycraft.world.World - 保存脏区块 [-2,-5] 到区域 [-1,-1] 本地坐标 [38,35]
2025-11-09 20:39:33.689 [main] DEBUG com.ksptool.mycraft.world.World - 保存脏区块 [-3,7] 到区域 [-1,0] 本地坐标 [37,7]
2025-11-09 20:39:33.691 [main] DEBUG com.ksptool.mycraft.world.World - 保存脏区块 [-3,-8] 到区域 [-1,-1] 本地坐标 [37,32]
2025-11-09 20:39:33.692 [main] DEBUG com.ksptool.mycraft.world.World - 保存脏区块 [-4,6] 到区域 [-1,0] 本地坐标 [36,6]
2025-11-09 20:39:33.693 [main] DEBUG com.ksptool.mycraft.world.World - 保存脏区块 [-8,-3] 到区域 [-1,-1] 本地坐标 [32,37]
2025-11-09 20:39:33.695 [main] DEBUG com.ksptool.mycraft.world.World - 保存脏区块 [-8,2] 到区域 [-1,0] 本地坐标 [32,2]
2025-11-09 20:39:33.696 [main] DEBUG com.ksptool.mycraft.world.World - 保存脏区块 [-7,-4] 到区域 [-1,-1] 本地坐标 [33,36]
2025-11-09 20:39:33.697 [main] DEBUG com.ksptool.mycraft.world.World - 保存脏区块 [-7,3] 到区域 [-1,0] 本地坐标 [33,3]
2025-11-09 20:39:33.698 [main] DEBUG com.ksptool.mycraft.world.World - 保存脏区块 [-6,-1] 到区域 [-1,-1] 本地坐标 [34,39]
2025-11-09 20:39:33.700 [main] DEBUG com.ksptool.mycraft.world.World - 保存脏区块 [-6,0] 到区域 [-1,0] 本地坐标 [34,0]
2025-11-09 20:39:33.701 [main] DEBUG com.ksptool.mycraft.world.World - 保存脏区块 [-5,-2] 到区域 [-1,-1] 本地坐标 [35,38]
2025-11-09 20:39:33.702 [main] DEBUG com.ksptool.mycraft.world.World - 保存脏区块 [-5,1] 到区域 [-1,0] 本地坐标 [35,1]
2025-11-09 20:39:33.704 [main] DEBUG com.ksptool.mycraft.world.World - 保存脏区块 [-4,-7] 到区域 [-1,-1] 本地坐标 [36,33]
2025-11-09 20:39:33.705 [main] DEBUG com.ksptool.mycraft.world.World - 保存脏区块 [7,1] 到区域 [0,0] 本地坐标 [7,1]
2025-11-09 20:39:33.706 [main] DEBUG com.ksptool.mycraft.world.World - 保存脏区块 [7,-2] 到区域 [0,-1] 本地坐标 [7,38]
2025-11-09 20:39:33.708 [main] DEBUG com.ksptool.mycraft.world.World - 保存脏区块 [6,0] 到区域 [0,0] 本地坐标 [6,0]
2025-11-09 20:39:33.709 [main] DEBUG com.ksptool.mycraft.world.World - 保存脏区块 [6,-1] 到区域 [0,-1] 本地坐标 [6,39]
2025-11-09 20:39:33.710 [main] DEBUG com.ksptool.mycraft.world.World - 保存脏区块 [5,3] 到区域 [0,0] 本地坐标 [5,3]
2025-11-09 20:39:33.711 [main] DEBUG com.ksptool.mycraft.world.World - 保存脏区块 [5,-4] 到区域 [0,-1] 本地坐标 [5,36]
2025-11-09 20:39:33.713 [main] DEBUG com.ksptool.mycraft.world.World - 保存脏区块 [4,2] 到区域 [0,0] 本地坐标 [4,2]
2025-11-09 20:39:33.714 [main] DEBUG com.ksptool.mycraft.world.World - 保存脏区块 [4,-3] 到区域 [0,-1] 本地坐标 [4,37]
2025-11-09 20:39:33.715 [main] DEBUG com.ksptool.mycraft.world.World - 保存脏区块 [3,5] 到区域 [0,0] 本地坐标 [3,5]
2025-11-09 20:39:33.716 [main] DEBUG com.ksptool.mycraft.world.World - 保存脏区块 [3,-6] 到区域 [0,-1] 本地坐标 [3,34]
2025-11-09 20:39:33.718 [main] DEBUG com.ksptool.mycraft.world.World - 保存脏区块 [2,4] 到区域 [0,0] 本地坐标 [2,4]
2025-11-09 20:39:33.719 [main] DEBUG com.ksptool.mycraft.world.World - 保存脏区块 [2,-5] 到区域 [0,-1] 本地坐标 [2,35]
2025-11-09 20:39:33.720 [main] DEBUG com.ksptool.mycraft.world.World - 保存脏区块 [1,7] 到区域 [0,0] 本地坐标 [1,7]
2025-11-09 20:39:33.722 [main] DEBUG com.ksptool.mycraft.world.World - 保存脏区块 [1,-8] 到区域 [0,-1] 本地坐标 [1,32]
2025-11-09 20:39:33.723 [main] DEBUG com.ksptool.mycraft.world.World - 保存脏区块 [0,6] 到区域 [0,0] 本地坐标 [0,6]
2025-11-09 20:39:33.724 [main] DEBUG com.ksptool.mycraft.world.World - 保存脏区块 [0,-7] 到区域 [0,-1] 本地坐标 [0,33]
2025-11-09 20:39:33.726 [main] DEBUG com.ksptool.mycraft.world.World - 保存脏区块 [-1,6] 到区域 [-1,0] 本地坐标 [39,6]
2025-11-09 20:39:33.727 [main] DEBUG com.ksptool.mycraft.world.World - 保存脏区块 [-1,-7] 到区域 [-1,-1] 本地坐标 [39,33]
2025-11-09 20:39:33.728 [main] DEBUG com.ksptool.mycraft.world.World - 保存脏区块 [-2,7] 到区域 [-1,0] 本地坐标 [38,7]
2025-11-09 20:39:33.729 [main] DEBUG com.ksptool.mycraft.world.World - 保存脏区块 [-2,-8] 到区域 [-1,-1] 本地坐标 [38,32]
2025-11-09 20:39:33.731 [main] DEBUG com.ksptool.mycraft.world.World - 保存脏区块 [-3,4] 到区域 [-1,0] 本地坐标 [37,4]
2025-11-09 20:39:33.732 [main] DEBUG com.ksptool.mycraft.world.World - 保存脏区块 [-3,-5] 到区域 [-1,-1] 本地坐标 [37,35]
2025-11-09 20:39:33.733 [main] DEBUG com.ksptool.mycraft.world.World - 保存脏区块 [-4,5] 到区域 [-1,0] 本地坐标 [36,5]
2025-11-09 20:39:33.734 [main] DEBUG com.ksptool.mycraft.world.World - 保存脏区块 [-8,-2] 到区域 [-1,-1] 本地坐标 [32,38]
2025-11-09 20:39:33.736 [main] DEBUG com.ksptool.mycraft.world.World - 保存脏区块 [-8,1] 到区域 [-1,0] 本地坐标 [32,1]
2025-11-09 20:39:33.737 [main] DEBUG com.ksptool.mycraft.world.World - 保存脏区块 [-7,-1] 到区域 [-1,-1] 本地坐标 [33,39]
2025-11-09 20:39:33.738 [main] DEBUG com.ksptool.mycraft.world.World - 保存脏区块 [-7,0] 到区域 [-1,0] 本地坐标 [33,0]
2025-11-09 20:39:33.739 [main] DEBUG com.ksptool.mycraft.world.World - 保存脏区块 [-6,-4] 到区域 [-1,-1] 本地坐标 [34,36]
2025-11-09 20:39:33.741 [main] DEBUG com.ksptool.mycraft.world.World - 保存脏区块 [-6,3] 到区域 [-1,0] 本地坐标 [34,3]
2025-11-09 20:39:33.742 [main] DEBUG com.ksptool.mycraft.world.World - 保存脏区块 [-5,-3] 到区域 [-1,-1] 本地坐标 [35,37]
2025-11-09 20:39:33.743 [main] DEBUG com.ksptool.mycraft.world.World - 保存脏区块 [-5,2] 到区域 [-1,0] 本地坐标 [35,2]
2025-11-09 20:39:33.745 [main] DEBUG com.ksptool.mycraft.world.World - 保存脏区块 [-4,-6] 到区域 [-1,-1] 本地坐标 [36,34]
2025-11-09 20:39:33.746 [main] DEBUG com.ksptool.mycraft.world.World - 保存脏区块 [7,0] 到区域 [0,0] 本地坐标 [7,0]
2025-11-09 20:39:33.747 [main] DEBUG com.ksptool.mycraft.world.World - 保存脏区块 [7,-1] 到区域 [0,-1] 本地坐标 [7,39]
2025-11-09 20:39:33.749 [main] DEBUG com.ksptool.mycraft.world.World - 保存脏区块 [6,1] 到区域 [0,0] 本地坐标 [6,1]
2025-11-09 20:39:33.750 [main] DEBUG com.ksptool.mycraft.world.World - 保存脏区块 [6,-2] 到区域 [0,-1] 本地坐标 [6,38]
2025-11-09 20:39:33.752 [main] DEBUG com.ksptool.mycraft.world.World - 保存脏区块 [5,2] 到区域 [0,0] 本地坐标 [5,2]
2025-11-09 20:39:33.753 [main] DEBUG com.ksptool.mycraft.world.World - 保存脏区块 [5,-3] 到区域 [0,-1] 本地坐标 [5,37]
2025-11-09 20:39:33.755 [main] DEBUG com.ksptool.mycraft.world.World - 保存脏区块 [4,3] 到区域 [0,0] 本地坐标 [4,3]
2025-11-09 20:39:33.756 [main] DEBUG com.ksptool.mycraft.world.World - 保存脏区块 [4,-4] 到区域 [0,-1] 本地坐标 [4,36]
2025-11-09 20:39:33.757 [main] DEBUG com.ksptool.mycraft.world.World - 保存脏区块 [3,4] 到区域 [0,0] 本地坐标 [3,4]
2025-11-09 20:39:33.759 [main] DEBUG com.ksptool.mycraft.world.World - 保存脏区块 [3,-5] 到区域 [0,-1] 本地坐标 [3,35]
2025-11-09 20:39:33.760 [main] DEBUG com.ksptool.mycraft.world.World - 保存脏区块 [2,5] 到区域 [0,0] 本地坐标 [2,5]
2025-11-09 20:39:33.761 [main] DEBUG com.ksptool.mycraft.world.World - 保存脏区块 [2,-6] 到区域 [0,-1] 本地坐标 [2,34]
2025-11-09 20:39:33.763 [main] DEBUG com.ksptool.mycraft.world.World - 保存脏区块 [1,6] 到区域 [0,0] 本地坐标 [1,6]
2025-11-09 20:39:33.764 [main] DEBUG com.ksptool.mycraft.world.World - 保存脏区块 [1,-7] 到区域 [0,-1] 本地坐标 [1,33]
2025-11-09 20:39:33.766 [main] DEBUG com.ksptool.mycraft.world.World - 保存脏区块 [0,7] 到区域 [0,0] 本地坐标 [0,7]
2025-11-09 20:39:33.767 [main] DEBUG com.ksptool.mycraft.world.World - 保存脏区块 [0,-8] 到区域 [0,-1] 本地坐标 [0,32]
2025-11-09 20:39:33.768 [main] DEBUG com.ksptool.mycraft.world.World - 保存脏区块 [-1,7] 到区域 [-1,0] 本地坐标 [39,7]
2025-11-09 20:39:33.770 [main] DEBUG com.ksptool.mycraft.world.World - 保存脏区块 [-1,-8] 到区域 [-1,-1] 本地坐标 [39,32]
2025-11-09 20:39:33.771 [main] DEBUG com.ksptool.mycraft.world.World - 保存脏区块 [-2,6] 到区域 [-1,0] 本地坐标 [38,6]
2025-11-09 20:39:33.773 [main] DEBUG com.ksptool.mycraft.world.World - 保存脏区块 [-2,-7] 到区域 [-1,-1] 本地坐标 [38,33]
2025-11-09 20:39:33.774 [main] DEBUG com.ksptool.mycraft.world.World - 保存脏区块 [-3,5] 到区域 [-1,0] 本地坐标 [37,5]
2025-11-09 20:39:33.776 [main] DEBUG com.ksptool.mycraft.world.World - 保存脏区块 [-3,-6] 到区域 [-1,-1] 本地坐标 [37,34]
2025-11-09 20:39:33.777 [main] DEBUG com.ksptool.mycraft.world.World - 保存脏区块 [-4,4] 到区域 [-1,0] 本地坐标 [36,4]
2025-11-09 20:39:33.779 [main] DEBUG com.ksptool.mycraft.world.World - 保存脏区块 [-8,-1] 到区域 [-1,-1] 本地坐标 [32,39]
2025-11-09 20:39:33.780 [main] DEBUG com.ksptool.mycraft.world.World - 保存脏区块 [-8,0] 到区域 [-1,0] 本地坐标 [32,0]
2025-11-09 20:39:33.782 [main] DEBUG com.ksptool.mycraft.world.World - 保存脏区块 [-7,-2] 到区域 [-1,-1] 本地坐标 [33,38]
2025-11-09 20:39:33.783 [main] DEBUG com.ksptool.mycraft.world.World - 保存脏区块 [-7,1] 到区域 [-1,0] 本地坐标 [33,1]
2025-11-09 20:39:33.785 [main] DEBUG com.ksptool.mycraft.world.World - 保存脏区块 [-6,-3] 到区域 [-1,-1] 本地坐标 [34,37]
2025-11-09 20:39:33.786 [main] DEBUG com.ksptool.mycraft.world.World - 保存脏区块 [-6,2] 到区域 [-1,0] 本地坐标 [34,2]
2025-11-09 20:39:33.787 [main] DEBUG com.ksptool.mycraft.world.World - 保存脏区块 [-5,-4] 到区域 [-1,-1] 本地坐标 [35,36]
2025-11-09 20:39:33.789 [main] DEBUG com.ksptool.mycraft.world.World - 保存脏区块 [-5,3] 到区域 [-1,0] 本地坐标 [35,3]
2025-11-09 20:39:33.790 [main] DEBUG com.ksptool.mycraft.world.World - 保存脏区块 [-4,-5] 到区域 [-1,-1] 本地坐标 [36,35]
2025-11-09 20:39:33.792 [main] DEBUG com.ksptool.mycraft.world.World - 保存脏区块 [-9,-1] 到区域 [-1,-1] 本地坐标 [31,39]
2025-11-09 20:39:33.793 [main] DEBUG com.ksptool.mycraft.world.World - 保存脏区块 [-9,0] 到区域 [-1,0] 本地坐标 [31,0]
2025-11-09 20:39:33.795 [main] DEBUG com.ksptool.mycraft.world.World - 保存脏区块 [-1,8] 到区域 [-1,0] 本地坐标 [39,8]
2025-11-09 20:39:33.797 [main] DEBUG com.ksptool.mycraft.world.World - 保存脏区块 [0,8] 到区域 [0,0] 本地坐标 [0,8]
2025-11-09 20:39:33.798 [main] DEBUG com.ksptool.mycraft.world.World - 保存脏区块 [-9,-2] 到区域 [-1,-1] 本地坐标 [31,38]
2025-11-09 20:39:33.799 [main] DEBUG com.ksptool.mycraft.world.World - 保存脏区块 [-9,1] 到区域 [-1,0] 本地坐标 [31,1]
2025-11-09 20:39:33.801 [main] DEBUG com.ksptool.mycraft.world.World - 保存脏区块 [-2,8] 到区域 [-1,0] 本地坐标 [38,8]
2025-11-09 20:39:33.802 [main] DEBUG com.ksptool.mycraft.world.World - 保存脏区块 [1,8] 到区域 [0,0] 本地坐标 [1,8]
2025-11-09 20:39:33.804 [main] DEBUG com.ksptool.mycraft.world.World - 保存脏区块 [-9,-3] 到区域 [-1,-1] 本地坐标 [31,37]
2025-11-09 20:39:33.805 [main] DEBUG com.ksptool.mycraft.world.World - 保存脏区块 [-9,2] 到区域 [-1,0] 本地坐标 [31,2]
2025-11-09 20:39:33.807 [main] DEBUG com.ksptool.mycraft.world.World - 保存脏区块 [-3,8] 到区域 [-1,0] 本地坐标 [37,8]
2025-11-09 20:39:33.808 [main] DEBUG com.ksptool.mycraft.world.World - 保存脏区块 [2,8] 到区域 [0,0] 本地坐标 [2,8]
2025-11-09 20:39:33.810 [main] DEBUG com.ksptool.mycraft.world.World - 保存脏区块 [-9,-4] 到区域 [-1,-1] 本地坐标 [31,36]
2025-11-09 20:39:33.811 [main] DEBUG com.ksptool.mycraft.world.World - 保存脏区块 [-9,3] 到区域 [-1,0] 本地坐标 [31,3]
2025-11-09 20:39:33.812 [main] DEBUG com.ksptool.mycraft.world.World - 保存脏区块 [-4,8] 到区域 [-1,0] 本地坐标 [36,8]
2025-11-09 20:39:33.814 [main] DEBUG com.ksptool.mycraft.world.World - 保存脏区块 [3,8] 到区域 [0,0] 本地坐标 [3,8]
2025-11-09 20:39:33.815 [main] DEBUG com.ksptool.mycraft.world.World - 保存脏区块 [-9,-5] 到区域 [-1,-1] 本地坐标 [31,35]
2025-11-09 20:39:33.817 [main] DEBUG com.ksptool.mycraft.world.World - 保存脏区块 [-9,4] 到区域 [-1,0] 本地坐标 [31,4]
2025-11-09 20:39:33.818 [main] DEBUG com.ksptool.mycraft.world.World - 保存脏区块 [-5,8] 到区域 [-1,0] 本地坐标 [35,8]
2025-11-09 20:39:33.820 [main] DEBUG com.ksptool.mycraft.world.World - 保存脏区块 [4,8] 到区域 [0,0] 本地坐标 [4,8]
2025-11-09 20:39:33.822 [main] DEBUG com.ksptool.mycraft.world.World - 保存脏区块 [-9,-6] 到区域 [-1,-1] 本地坐标 [31,34]
2025-11-09 20:39:33.824 [main] DEBUG com.ksptool.mycraft.world.World - 保存脏区块 [-9,5] 到区域 [-1,0] 本地坐标 [31,5]
2025-11-09 20:39:33.825 [main] DEBUG com.ksptool.mycraft.world.World - 保存脏区块 [-6,8] 到区域 [-1,0] 本地坐标 [34,8]
2025-11-09 20:39:33.827 [main] DEBUG com.ksptool.mycraft.world.World - 保存脏区块 [5,8] 到区域 [0,0] 本地坐标 [5,8]
2025-11-09 20:39:33.828 [main] DEBUG com.ksptool.mycraft.world.World - 保存脏区块 [-9,-7] 到区域 [-1,-1] 本地坐标 [31,33]
2025-11-09 20:39:33.830 [main] DEBUG com.ksptool.mycraft.world.World - 保存脏区块 [-9,6] 到区域 [-1,0] 本地坐标 [31,6]
2025-11-09 20:39:33.831 [main] DEBUG com.ksptool.mycraft.world.World - 保存脏区块 [-7,8] 到区域 [-1,0] 本地坐标 [33,8]
2025-11-09 20:39:33.833 [main] DEBUG com.ksptool.mycraft.world.World - 保存脏区块 [6,8] 到区域 [0,0] 本地坐标 [6,8]
2025-11-09 20:39:33.834 [main] DEBUG com.ksptool.mycraft.world.World - 保存脏区块 [-9,-8] 到区域 [-1,-1] 本地坐标 [31,32]
2025-11-09 20:39:33.836 [main] DEBUG com.ksptool.mycraft.world.World - 保存脏区块 [-9,7] 到区域 [-1,0] 本地坐标 [31,7]
2025-11-09 20:39:33.837 [main] DEBUG com.ksptool.mycraft.world.World - 保存脏区块 [-8,8] 到区域 [-1,0] 本地坐标 [32,8]
2025-11-09 20:39:33.839 [main] DEBUG com.ksptool.mycraft.world.World - 保存脏区块 [7,8] 到区域 [0,0] 本地坐标 [7,8]
2025-11-09 20:39:33.840 [main] INFO  com.ksptool.mycraft.world.World - 保存完成: 脏区块数=289, 脏实体区块数=3
2025-11-09 20:39:33.840 [main] INFO  c.ksptool.mycraft.world.WorldManager - 区块数据保存完成
2025-11-09 20:39:33.840 [main] DEBUG c.ksptool.mycraft.world.WorldManager - 保存玩家数据: UUID=7d287740-12d8-4769-834a-e2cd88b77758
2025-11-09 20:39:33.842 [main] DEBUG c.k.mycraft.world.save.SaveManager - 保存玩家数据成功: UUID=7d287740-12d8-4769-834a-e2cd88b77758
2025-11-09 20:39:33.842 [main] INFO  c.ksptool.mycraft.world.WorldManager - 世界保存完成: saveName=111111111, worldName=111111111
2025-11-09 20:40:09.529 [main] INFO  c.ksptool.mycraft.world.WorldManager - 开始加载世界: saveName=111111111, worldName=111111111
2025-11-09 20:40:09.530 [main] DEBUG c.ksptool.mycraft.world.WorldManager - 找到世界元数据: seed=1762690965026, worldTime=43372
2025-11-09 20:40:09.530 [main] DEBUG c.ksptool.mycraft.world.WorldManager - 已设置区块区域管理器
2025-11-09 20:40:09.530 [main] DEBUG c.ksptool.mycraft.world.WorldManager - 已设置实体区域管理器
2025-11-09 20:40:09.636 [main] INFO  c.ksptool.mycraft.world.WorldManager - 世界加载完成: saveName=111111111, worldName=111111111
2025-11-09 20:40:11.602 [main] DEBUG c.k.mycraft.world.save.SaveManager - 加载玩家数据成功: UUID=7d287740-12d8-4769-834a-e2cd88b77758
2025-11-09 20:40:33.934 [main] INFO  c.ksptool.mycraft.world.WorldManager - 开始保存世界: saveName=111111111, worldName=111111111
2025-11-09 20:40:33.936 [main] DEBUG c.k.mycraft.world.save.SaveManager - 保存调色板成功: 状态数=9
2025-11-09 20:40:33.936 [main] DEBUG c.ksptool.mycraft.world.WorldManager - 已保存世界索引和调色板
2025-11-09 20:40:33.936 [main] INFO  c.ksptool.mycraft.world.WorldManager - 开始保存区块数据，当前已加载区块数: 306
2025-11-09 20:40:33.936 [main] DEBUG com.ksptool.mycraft.world.World - 保存脏区块 [-9,-9] 到区域 [-1,-1] 本地坐标 [31,31]
2025-11-09 20:40:33.938 [main] DEBUG com.ksptool.mycraft.world.World - 保存脏区块 [-9,8] 到区域 [-1,0] 本地坐标 [31,8]
2025-11-09 20:40:33.939 [main] DEBUG com.ksptool.mycraft.world.World - 保存脏区块 [7,7] 到区域 [0,0] 本地坐标 [7,7]
2025-11-09 20:40:33.941 [main] DEBUG com.ksptool.mycraft.world.World - 保存脏区块 [7,-8] 到区域 [0,-1] 本地坐标 [7,32]
2025-11-09 20:40:33.942 [main] DEBUG com.ksptool.mycraft.world.World - 保存脏区块 [6,6] 到区域 [0,0] 本地坐标 [6,6]
2025-11-09 20:40:33.944 [main] DEBUG com.ksptool.mycraft.world.World - 保存脏区块 [6,-7] 到区域 [0,-1] 本地坐标 [6,33]
2025-11-09 20:40:33.945 [main] DEBUG com.ksptool.mycraft.world.World - 保存脏区块 [5,5] 到区域 [0,0] 本地坐标 [5,5]
2025-11-09 20:40:33.946 [main] DEBUG com.ksptool.mycraft.world.World - 保存脏区块 [5,-6] 到区域 [0,-1] 本地坐标 [5,34]
2025-11-09 20:40:33.948 [main] DEBUG com.ksptool.mycraft.world.World - 保存脏区块 [4,4] 到区域 [0,0] 本地坐标 [4,4]
2025-11-09 20:40:33.949 [main] DEBUG com.ksptool.mycraft.world.World - 保存脏区块 [4,-5] 到区域 [0,-1] 本地坐标 [4,35]
2025-11-09 20:40:33.950 [main] DEBUG com.ksptool.mycraft.world.World - 保存脏区块 [3,3] 到区域 [0,0] 本地坐标 [3,3]
2025-11-09 20:40:33.952 [main] DEBUG com.ksptool.mycraft.world.World - 保存脏区块 [3,-4] 到区域 [0,-1] 本地坐标 [3,36]
2025-11-09 20:40:33.953 [main] DEBUG com.ksptool.mycraft.world.World - 保存脏区块 [2,-3] 到区域 [0,-1] 本地坐标 [2,37]
2025-11-09 20:40:33.955 [main] DEBUG com.ksptool.mycraft.world.World - 保存脏区块 [-3,2] 到区域 [-1,0] 本地坐标 [37,2]
2025-11-09 20:40:33.956 [main] DEBUG com.ksptool.mycraft.world.World - 保存脏区块 [-3,-3] 到区域 [-1,-1] 本地坐标 [37,37]
2025-11-09 20:40:33.958 [main] DEBUG com.ksptool.mycraft.world.World - 保存脏区块 [-4,3] 到区域 [-1,0] 本地坐标 [36,3]
2025-11-09 20:40:33.959 [main] DEBUG com.ksptool.mycraft.world.World - 保存脏区块 [-4,-4] 到区域 [-1,-1] 本地坐标 [36,36]
2025-11-09 20:40:33.961 [main] DEBUG com.ksptool.mycraft.world.World - 保存脏区块 [-5,4] 到区域 [-1,0] 本地坐标 [35,4]
2025-11-09 20:40:33.962 [main] DEBUG com.ksptool.mycraft.world.World - 保存脏区块 [-5,-5] 到区域 [-1,-1] 本地坐标 [35,35]
2025-11-09 20:40:33.963 [main] DEBUG com.ksptool.mycraft.world.World - 保存脏区块 [-6,5] 到区域 [-1,0] 本地坐标 [34,5]
2025-11-09 20:40:33.965 [main] DEBUG com.ksptool.mycraft.world.World - 保存脏区块 [-6,-6] 到区域 [-1,-1] 本地坐标 [34,34]
2025-11-09 20:40:33.966 [main] DEBUG com.ksptool.mycraft.world.World - 保存脏区块 [-7,6] 到区域 [-1,0] 本地坐标 [33,6]
2025-11-09 20:40:33.968 [main] DEBUG com.ksptool.mycraft.world.World - 保存脏区块 [-7,-7] 到区域 [-1,-1] 本地坐标 [33,33]
2025-11-09 20:40:33.969 [main] DEBUG com.ksptool.mycraft.world.World - 保存脏区块 [-8,7] 到区域 [-1,0] 本地坐标 [32,7]
2025-11-09 20:40:33.970 [main] DEBUG com.ksptool.mycraft.world.World - 保存脏区块 [-8,-8] 到区域 [-1,-1] 本地坐标 [32,32]
2025-11-09 20:40:33.972 [main] DEBUG com.ksptool.mycraft.world.World - 保存脏区块 [-2,-2] 到区域 [-1,-1] 本地坐标 [38,38]
2025-11-09 20:40:33.974 [main] DEBUG com.ksptool.mycraft.world.World - 保存脏区块 [-2,1] 到区域 [-1,0] 本地坐标 [38,1]
2025-11-09 20:40:33.975 [main] DEBUG com.ksptool.mycraft.world.World - 保存脏区块 [-1,-1] 到区域 [-1,-1] 本地坐标 [39,39]
2025-11-09 20:40:33.976 [main] DEBUG com.ksptool.mycraft.world.World - 保存脏实体区块 [-1,-1]
2025-11-09 20:40:33.976 [main] DEBUG com.ksptool.mycraft.world.World - 保存脏区块 [-1,0] 到区域 [-1,0] 本地坐标 [39,0]
2025-11-09 20:40:33.978 [main] DEBUG com.ksptool.mycraft.world.World - 保存脏实体区块 [-1,0]
2025-11-09 20:40:33.978 [main] DEBUG com.ksptool.mycraft.world.World - 保存脏区块 [0,-1] 到区域 [0,-1] 本地坐标 [0,39]
2025-11-09 20:40:33.979 [main] DEBUG com.ksptool.mycraft.world.World - 保存脏区块 [0,0] 到区域 [0,0] 本地坐标 [0,0]
2025-11-09 20:40:33.981 [main] DEBUG com.ksptool.mycraft.world.World - 保存脏实体区块 [0,0]
2025-11-09 20:40:33.982 [main] DEBUG com.ksptool.mycraft.world.World - 成功保存区块 [0,0] 的 1 个实体
2025-11-09 20:40:33.982 [main] DEBUG com.ksptool.mycraft.world.World - 保存脏区块 [1,-2] 到区域 [0,-1] 本地坐标 [1,38]
2025-11-09 20:40:33.984 [main] DEBUG com.ksptool.mycraft.world.World - 保存脏区块 [1,1] 到区域 [0,0] 本地坐标 [1,1]
2025-11-09 20:40:33.985 [main] DEBUG com.ksptool.mycraft.world.World - 保存脏区块 [2,2] 到区域 [0,0] 本地坐标 [2,2]
2025-11-09 20:40:33.987 [main] DEBUG com.ksptool.mycraft.world.World - 保存脏区块 [7,6] 到区域 [0,0] 本地坐标 [7,6]
2025-11-09 20:40:33.988 [main] DEBUG com.ksptool.mycraft.world.World - 保存脏区块 [7,-7] 到区域 [0,-1] 本地坐标 [7,33]
2025-11-09 20:40:33.990 [main] DEBUG com.ksptool.mycraft.world.World - 保存脏区块 [6,7] 到区域 [0,0] 本地坐标 [6,7]
2025-11-09 20:40:33.991 [main] DEBUG com.ksptool.mycraft.world.World - 保存脏区块 [6,-8] 到区域 [0,-1] 本地坐标 [6,32]
2025-11-09 20:40:33.993 [main] DEBUG com.ksptool.mycraft.world.World - 保存脏区块 [5,4] 到区域 [0,0] 本地坐标 [5,4]
2025-11-09 20:40:33.994 [main] DEBUG com.ksptool.mycraft.world.World - 保存脏区块 [5,-5] 到区域 [0,-1] 本地坐标 [5,35]
2025-11-09 20:40:33.996 [main] DEBUG com.ksptool.mycraft.world.World - 保存脏区块 [4,5] 到区域 [0,0] 本地坐标 [4,5]
2025-11-09 20:40:33.997 [main] DEBUG com.ksptool.mycraft.world.World - 保存脏区块 [4,-6] 到区域 [0,-1] 本地坐标 [4,34]
2025-11-09 20:40:33.999 [main] DEBUG com.ksptool.mycraft.world.World - 保存脏区块 [3,2] 到区域 [0,0] 本地坐标 [3,2]
2025-11-09 20:40:34.000 [main] DEBUG com.ksptool.mycraft.world.World - 保存脏区块 [3,-3] 到区域 [0,-1] 本地坐标 [3,37]
2025-11-09 20:40:34.002 [main] DEBUG com.ksptool.mycraft.world.World - 保存脏区块 [2,3] 到区域 [0,0] 本地坐标 [2,3]
2025-11-09 20:40:34.003 [main] DEBUG com.ksptool.mycraft.world.World - 保存脏区块 [2,-4] 到区域 [0,-1] 本地坐标 [2,36]
2025-11-09 20:40:34.005 [main] DEBUG com.ksptool.mycraft.world.World - 保存脏区块 [-3,3] 到区域 [-1,0] 本地坐标 [37,3]
2025-11-09 20:40:34.006 [main] DEBUG com.ksptool.mycraft.world.World - 保存脏区块 [-3,-4] 到区域 [-1,-1] 本地坐标 [37,36]
2025-11-09 20:40:34.008 [main] DEBUG com.ksptool.mycraft.world.World - 保存脏区块 [-4,2] 到区域 [-1,0] 本地坐标 [36,2]
2025-11-09 20:40:34.009 [main] DEBUG com.ksptool.mycraft.world.World - 保存脏区块 [-4,-3] 到区域 [-1,-1] 本地坐标 [36,37]
2025-11-09 20:40:34.011 [main] DEBUG com.ksptool.mycraft.world.World - 保存脏区块 [-5,5] 到区域 [-1,0] 本地坐标 [35,5]
2025-11-09 20:40:34.012 [main] DEBUG com.ksptool.mycraft.world.World - 保存脏区块 [-5,-6] 到区域 [-1,-1] 本地坐标 [35,34]
2025-11-09 20:40:34.014 [main] DEBUG com.ksptool.mycraft.world.World - 保存脏区块 [-6,4] 到区域 [-1,0] 本地坐标 [34,4]
2025-11-09 20:40:34.016 [main] DEBUG com.ksptool.mycraft.world.World - 保存脏区块 [-6,-5] 到区域 [-1,-1] 本地坐标 [34,35]
2025-11-09 20:40:34.017 [main] DEBUG com.ksptool.mycraft.world.World - 保存脏区块 [-7,7] 到区域 [-1,0] 本地坐标 [33,7]
2025-11-09 20:40:34.019 [main] DEBUG com.ksptool.mycraft.world.World - 保存脏区块 [-7,-8] 到区域 [-1,-1] 本地坐标 [33,32]
2025-11-09 20:40:34.020 [main] DEBUG com.ksptool.mycraft.world.World - 保存脏区块 [-8,6] 到区域 [-1,0] 本地坐标 [32,6]
2025-11-09 20:40:34.022 [main] DEBUG com.ksptool.mycraft.world.World - 保存脏区块 [-2,-1] 到区域 [-1,-1] 本地坐标 [38,39]
2025-11-09 20:40:34.023 [main] DEBUG com.ksptool.mycraft.world.World - 保存脏实体区块 [-2,-1]
2025-11-09 20:40:34.023 [main] DEBUG com.ksptool.mycraft.world.World - 保存脏区块 [-2,0] 到区域 [-1,0] 本地坐标 [38,0]
2025-11-09 20:40:34.025 [main] DEBUG com.ksptool.mycraft.world.World - 保存脏区块 [-1,-2] 到区域 [-1,-1] 本地坐标 [39,38]
2025-11-09 20:40:34.026 [main] DEBUG com.ksptool.mycraft.world.World - 保存脏区块 [-1,1] 到区域 [-1,0] 本地坐标 [39,1]
2025-11-09 20:40:34.028 [main] DEBUG com.ksptool.mycraft.world.World - 保存脏区块 [0,-2] 到区域 [0,-1] 本地坐标 [0,38]
2025-11-09 20:40:34.029 [main] DEBUG com.ksptool.mycraft.world.World - 保存脏区块 [0,1] 到区域 [0,0] 本地坐标 [0,1]
2025-11-09 20:40:34.031 [main] DEBUG com.ksptool.mycraft.world.World - 保存脏区块 [1,-1] 到区域 [0,-1] 本地坐标 [1,39]
2025-11-09 20:40:34.032 [main] DEBUG com.ksptool.mycraft.world.World - 保存脏区块 [1,0] 到区域 [0,0] 本地坐标 [1,0]
2025-11-09 20:40:34.034 [main] DEBUG com.ksptool.mycraft.world.World - 保存脏区块 [-8,-7] 到区域 [-1,-1] 本地坐标 [32,33]
2025-11-09 20:40:34.035 [main] DEBUG com.ksptool.mycraft.world.World - 保存脏区块 [7,5] 到区域 [0,0] 本地坐标 [7,5]
2025-11-09 20:40:34.037 [main] DEBUG com.ksptool.mycraft.world.World - 保存脏区块 [7,-6] 到区域 [0,-1] 本地坐标 [7,34]
2025-11-09 20:40:34.038 [main] DEBUG com.ksptool.mycraft.world.World - 保存脏区块 [6,4] 到区域 [0,0] 本地坐标 [6,4]
2025-11-09 20:40:34.040 [main] DEBUG com.ksptool.mycraft.world.World - 保存脏区块 [6,-5] 到区域 [0,-1] 本地坐标 [6,35]
2025-11-09 20:40:34.041 [main] DEBUG com.ksptool.mycraft.world.World - 保存脏区块 [5,7] 到区域 [0,0] 本地坐标 [5,7]
2025-11-09 20:40:34.043 [main] DEBUG com.ksptool.mycraft.world.World - 保存脏区块 [5,-8] 到区域 [0,-1] 本地坐标 [5,32]
2025-11-09 20:40:34.044 [main] DEBUG com.ksptool.mycraft.world.World - 保存脏区块 [4,6] 到区域 [0,0] 本地坐标 [4,6]
2025-11-09 20:40:34.046 [main] DEBUG com.ksptool.mycraft.world.World - 保存脏区块 [4,-7] 到区域 [0,-1] 本地坐标 [4,33]
2025-11-09 20:40:34.047 [main] DEBUG com.ksptool.mycraft.world.World - 保存脏区块 [3,1] 到区域 [0,0] 本地坐标 [3,1]
2025-11-09 20:40:34.049 [main] DEBUG com.ksptool.mycraft.world.World - 保存脏区块 [3,-2] 到区域 [0,-1] 本地坐标 [3,38]
2025-11-09 20:40:34.050 [main] DEBUG com.ksptool.mycraft.world.World - 保存脏区块 [1,3] 到区域 [0,0] 本地坐标 [1,3]
2025-11-09 20:40:34.052 [main] DEBUG com.ksptool.mycraft.world.World - 保存脏区块 [1,-4] 到区域 [0,-1] 本地坐标 [1,36]
2025-11-09 20:40:34.053 [main] DEBUG com.ksptool.mycraft.world.World - 保存脏区块 [0,-3] 到区域 [0,-1] 本地坐标 [0,37]
2025-11-09 20:40:34.055 [main] DEBUG com.ksptool.mycraft.world.World - 保存脏区块 [-1,-3] 到区域 [-1,-1] 本地坐标 [39,37]
2025-11-09 20:40:34.056 [main] DEBUG com.ksptool.mycraft.world.World - 保存脏区块 [-2,3] 到区域 [-1,0] 本地坐标 [38,3]
2025-11-09 20:40:34.058 [main] DEBUG com.ksptool.mycraft.world.World - 保存脏区块 [-2,-4] 到区域 [-1,-1] 本地坐标 [38,36]
2025-11-09 20:40:34.059 [main] DEBUG com.ksptool.mycraft.world.World - 保存脏区块 [-3,0] 到区域 [-1,0] 本地坐标 [37,0]
2025-11-09 20:40:34.061 [main] DEBUG com.ksptool.mycraft.world.World - 保存脏区块 [-3,-1] 到区域 [-1,-1] 本地坐标 [37,39]
2025-11-09 20:40:34.062 [main] DEBUG com.ksptool.mycraft.world.World - 保存脏区块 [-4,1] 到区域 [-1,0] 本地坐标 [36,1]
2025-11-09 20:40:34.064 [main] DEBUG com.ksptool.mycraft.world.World - 保存脏区块 [-4,-2] 到区域 [-1,-1] 本地坐标 [36,38]
2025-11-09 20:40:34.065 [main] DEBUG com.ksptool.mycraft.world.World - 保存脏区块 [-5,6] 到区域 [-1,0] 本地坐标 [35,6]
2025-11-09 20:40:34.066 [main] DEBUG com.ksptool.mycraft.world.World - 保存脏区块 [-5,-7] 到区域 [-1,-1] 本地坐标 [35,33]
2025-11-09 20:40:34.068 [main] DEBUG com.ksptool.mycraft.world.World - 保存脏区块 [-6,7] 到区域 [-1,0] 本地坐标 [34,7]
2025-11-09 20:40:34.069 [main] DEBUG com.ksptool.mycraft.world.World - 保存脏区块 [-1,2] 到区域 [-1,0] 本地坐标 [39,2]
2025-11-09 20:40:34.071 [main] DEBUG com.ksptool.mycraft.world.World - 保存脏区块 [0,2] 到区域 [0,0] 本地坐标 [0,2]
2025-11-09 20:40:34.072 [main] DEBUG com.ksptool.mycraft.world.World - 保存脏区块 [2,-1] 到区域 [0,-1] 本地坐标 [2,39]
2025-11-09 20:40:34.074 [main] DEBUG com.ksptool.mycraft.world.World - 保存脏区块 [2,0] 到区域 [0,0] 本地坐标 [2,0]
2025-11-09 20:40:34.075 [main] DEBUG com.ksptool.mycraft.world.World - 保存脏区块 [-8,-6] 到区域 [-1,-1] 本地坐标 [32,34]
2025-11-09 20:40:34.077 [main] DEBUG com.ksptool.mycraft.world.World - 保存脏区块 [-8,5] 到区域 [-1,0] 本地坐标 [32,5]
2025-11-09 20:40:34.078 [main] DEBUG com.ksptool.mycraft.world.World - 保存脏区块 [-7,-5] 到区域 [-1,-1] 本地坐标 [33,35]
2025-11-09 20:40:34.080 [main] DEBUG com.ksptool.mycraft.world.World - 保存脏区块 [-7,4] 到区域 [-1,0] 本地坐标 [33,4]
2025-11-09 20:40:34.081 [main] DEBUG com.ksptool.mycraft.world.World - 保存脏区块 [-6,-8] 到区域 [-1,-1] 本地坐标 [34,32]
2025-11-09 20:40:34.082 [main] DEBUG com.ksptool.mycraft.world.World - 保存脏区块 [7,4] 到区域 [0,0] 本地坐标 [7,4]
2025-11-09 20:40:34.084 [main] DEBUG com.ksptool.mycraft.world.World - 保存脏区块 [7,-5] 到区域 [0,-1] 本地坐标 [7,35]
2025-11-09 20:40:34.085 [main] DEBUG com.ksptool.mycraft.world.World - 保存脏区块 [6,5] 到区域 [0,0] 本地坐标 [6,5]
2025-11-09 20:40:34.086 [main] DEBUG com.ksptool.mycraft.world.World - 保存脏区块 [6,-6] 到区域 [0,-1] 本地坐标 [6,34]
2025-11-09 20:40:34.087 [main] DEBUG com.ksptool.mycraft.world.World - 保存脏区块 [5,6] 到区域 [0,0] 本地坐标 [5,6]
2025-11-09 20:40:34.089 [main] DEBUG com.ksptool.mycraft.world.World - 保存脏区块 [5,-7] 到区域 [0,-1] 本地坐标 [5,33]
2025-11-09 20:40:34.090 [main] DEBUG com.ksptool.mycraft.world.World - 保存脏区块 [4,7] 到区域 [0,0] 本地坐标 [4,7]
2025-11-09 20:40:34.092 [main] DEBUG com.ksptool.mycraft.world.World - 保存脏区块 [4,-8] 到区域 [0,-1] 本地坐标 [4,32]
2025-11-09 20:40:34.093 [main] DEBUG com.ksptool.mycraft.world.World - 保存脏区块 [3,0] 到区域 [0,0] 本地坐标 [3,0]
2025-11-09 20:40:34.094 [main] DEBUG com.ksptool.mycraft.world.World - 保存脏区块 [3,-1] 到区域 [0,-1] 本地坐标 [3,39]
2025-11-09 20:40:34.096 [main] DEBUG com.ksptool.mycraft.world.World - 保存脏区块 [1,-3] 到区域 [0,-1] 本地坐标 [1,37]
2025-11-09 20:40:34.097 [main] DEBUG com.ksptool.mycraft.world.World - 保存脏区块 [0,3] 到区域 [0,0] 本地坐标 [0,3]
2025-11-09 20:40:34.098 [main] DEBUG com.ksptool.mycraft.world.World - 保存脏区块 [0,-4] 到区域 [0,-1] 本地坐标 [0,36]
2025-11-09 20:40:34.100 [main] DEBUG com.ksptool.mycraft.world.World - 保存脏区块 [-1,3] 到区域 [-1,0] 本地坐标 [39,3]
2025-11-09 20:40:34.101 [main] DEBUG com.ksptool.mycraft.world.World - 保存脏区块 [-1,-4] 到区域 [-1,-1] 本地坐标 [39,36]
2025-11-09 20:40:34.102 [main] DEBUG com.ksptool.mycraft.world.World - 保存脏区块 [-2,-3] 到区域 [-1,-1] 本地坐标 [38,37]
2025-11-09 20:40:34.104 [main] DEBUG com.ksptool.mycraft.world.World - 保存脏区块 [-3,1] 到区域 [-1,0] 本地坐标 [37,1]
2025-11-09 20:40:34.105 [main] DEBUG com.ksptool.mycraft.world.World - 保存脏区块 [-3,-2] 到区域 [-1,-1] 本地坐标 [37,38]
2025-11-09 20:40:34.106 [main] DEBUG com.ksptool.mycraft.world.World - 保存脏区块 [-4,0] 到区域 [-1,0] 本地坐标 [36,0]
2025-11-09 20:40:34.108 [main] DEBUG com.ksptool.mycraft.world.World - 保存脏区块 [-4,-1] 到区域 [-1,-1] 本地坐标 [36,39]
2025-11-09 20:40:34.109 [main] DEBUG com.ksptool.mycraft.world.World - 保存脏区块 [-5,7] 到区域 [-1,0] 本地坐标 [35,7]
2025-11-09 20:40:34.110 [main] DEBUG com.ksptool.mycraft.world.World - 保存脏区块 [-5,-8] 到区域 [-1,-1] 本地坐标 [35,32]
2025-11-09 20:40:34.112 [main] DEBUG com.ksptool.mycraft.world.World - 保存脏区块 [-6,6] 到区域 [-1,0] 本地坐标 [34,6]
2025-11-09 20:40:34.113 [main] DEBUG com.ksptool.mycraft.world.World - 保存脏区块 [-2,2] 到区域 [-1,0] 本地坐标 [38,2]
2025-11-09 20:40:34.115 [main] DEBUG com.ksptool.mycraft.world.World - 保存脏区块 [1,2] 到区域 [0,0] 本地坐标 [1,2]
2025-11-09 20:40:34.116 [main] DEBUG com.ksptool.mycraft.world.World - 保存脏区块 [2,-2] 到区域 [0,-1] 本地坐标 [2,38]
2025-11-09 20:40:34.117 [main] DEBUG com.ksptool.mycraft.world.World - 保存脏区块 [2,1] 到区域 [0,0] 本地坐标 [2,1]
2025-11-09 20:40:34.118 [main] DEBUG com.ksptool.mycraft.world.World - 保存脏区块 [-8,-5] 到区域 [-1,-1] 本地坐标 [32,35]
2025-11-09 20:40:34.120 [main] DEBUG com.ksptool.mycraft.world.World - 保存脏区块 [-8,4] 到区域 [-1,0] 本地坐标 [32,4]
2025-11-09 20:40:34.121 [main] DEBUG com.ksptool.mycraft.world.World - 保存脏区块 [-7,-6] 到区域 [-1,-1] 本地坐标 [33,34]
2025-11-09 20:40:34.122 [main] DEBUG com.ksptool.mycraft.world.World - 保存脏区块 [-7,5] 到区域 [-1,0] 本地坐标 [33,5]
2025-11-09 20:40:34.123 [main] DEBUG com.ksptool.mycraft.world.World - 保存脏区块 [-6,-7] 到区域 [-1,-1] 本地坐标 [34,33]
2025-11-09 20:40:34.125 [main] DEBUG com.ksptool.mycraft.world.World - 保存脏区块 [7,3] 到区域 [0,0] 本地坐标 [7,3]
2025-11-09 20:40:34.126 [main] DEBUG com.ksptool.mycraft.world.World - 保存脏区块 [7,-4] 到区域 [0,-1] 本地坐标 [7,36]
2025-11-09 20:40:34.127 [main] DEBUG com.ksptool.mycraft.world.World - 保存脏区块 [6,2] 到区域 [0,0] 本地坐标 [6,2]
2025-11-09 20:40:34.128 [main] DEBUG com.ksptool.mycraft.world.World - 保存脏区块 [6,-3] 到区域 [0,-1] 本地坐标 [6,37]
2025-11-09 20:40:34.129 [main] DEBUG com.ksptool.mycraft.world.World - 保存脏区块 [5,1] 到区域 [0,0] 本地坐标 [5,1]
2025-11-09 20:40:34.131 [main] DEBUG com.ksptool.mycraft.world.World - 保存脏区块 [5,-2] 到区域 [0,-1] 本地坐标 [5,38]
2025-11-09 20:40:34.132 [main] DEBUG com.ksptool.mycraft.world.World - 保存脏区块 [4,0] 到区域 [0,0] 本地坐标 [4,0]
2025-11-09 20:40:34.133 [main] DEBUG com.ksptool.mycraft.world.World - 保存脏区块 [4,-1] 到区域 [0,-1] 本地坐标 [4,39]
2025-11-09 20:40:34.134 [main] DEBUG com.ksptool.mycraft.world.World - 保存脏区块 [3,7] 到区域 [0,0] 本地坐标 [3,7]
2025-11-09 20:40:34.135 [main] DEBUG com.ksptool.mycraft.world.World - 保存脏区块 [3,-8] 到区域 [0,-1] 本地坐标 [3,32]
2025-11-09 20:40:34.137 [main] DEBUG com.ksptool.mycraft.world.World - 保存脏区块 [2,6] 到区域 [0,0] 本地坐标 [2,6]
2025-11-09 20:40:34.138 [main] DEBUG com.ksptool.mycraft.world.World - 保存脏区块 [2,-7] 到区域 [0,-1] 本地坐标 [2,33]
2025-11-09 20:40:34.140 [main] DEBUG com.ksptool.mycraft.world.World - 保存脏区块 [1,5] 到区域 [0,0] 本地坐标 [1,5]
2025-11-09 20:40:34.141 [main] DEBUG com.ksptool.mycraft.world.World - 保存脏区块 [1,-6] 到区域 [0,-1] 本地坐标 [1,34]
2025-11-09 20:40:34.142 [main] DEBUG com.ksptool.mycraft.world.World - 保存脏区块 [0,4] 到区域 [0,0] 本地坐标 [0,4]
2025-11-09 20:40:34.143 [main] DEBUG com.ksptool.mycraft.world.World - 保存脏区块 [0,-5] 到区域 [0,-1] 本地坐标 [0,35]
2025-11-09 20:40:34.144 [main] DEBUG com.ksptool.mycraft.world.World - 保存脏区块 [-1,4] 到区域 [-1,0] 本地坐标 [39,4]
2025-11-09 20:40:34.146 [main] DEBUG com.ksptool.mycraft.world.World - 保存脏区块 [-1,-5] 到区域 [-1,-1] 本地坐标 [39,35]
2025-11-09 20:40:34.147 [main] DEBUG com.ksptool.mycraft.world.World - 保存脏区块 [-2,5] 到区域 [-1,0] 本地坐标 [38,5]
2025-11-09 20:40:34.148 [main] DEBUG com.ksptool.mycraft.world.World - 保存脏区块 [-2,-6] 到区域 [-1,-1] 本地坐标 [38,34]
2025-11-09 20:40:34.149 [main] DEBUG com.ksptool.mycraft.world.World - 保存脏区块 [-3,6] 到区域 [-1,0] 本地坐标 [37,6]
2025-11-09 20:40:34.151 [main] DEBUG com.ksptool.mycraft.world.World - 保存脏区块 [-3,-7] 到区域 [-1,-1] 本地坐标 [37,33]
2025-11-09 20:40:34.152 [main] DEBUG com.ksptool.mycraft.world.World - 保存脏区块 [-4,7] 到区域 [-1,0] 本地坐标 [36,7]
2025-11-09 20:40:34.154 [main] DEBUG com.ksptool.mycraft.world.World - 保存脏区块 [-8,-4] 到区域 [-1,-1] 本地坐标 [32,36]
2025-11-09 20:40:34.155 [main] DEBUG com.ksptool.mycraft.world.World - 保存脏区块 [-8,3] 到区域 [-1,0] 本地坐标 [32,3]
2025-11-09 20:40:34.156 [main] DEBUG com.ksptool.mycraft.world.World - 保存脏区块 [-7,-3] 到区域 [-1,-1] 本地坐标 [33,37]
2025-11-09 20:40:34.157 [main] DEBUG com.ksptool.mycraft.world.World - 保存脏区块 [-7,2] 到区域 [-1,0] 本地坐标 [33,2]
2025-11-09 20:40:34.159 [main] DEBUG com.ksptool.mycraft.world.World - 保存脏区块 [-6,-2] 到区域 [-1,-1] 本地坐标 [34,38]
2025-11-09 20:40:34.160 [main] DEBUG com.ksptool.mycraft.world.World - 保存脏区块 [-6,1] 到区域 [-1,0] 本地坐标 [34,1]
2025-11-09 20:40:34.161 [main] DEBUG com.ksptool.mycraft.world.World - 保存脏区块 [-5,-1] 到区域 [-1,-1] 本地坐标 [35,39]
2025-11-09 20:40:34.162 [main] DEBUG com.ksptool.mycraft.world.World - 保存脏区块 [-5,0] 到区域 [-1,0] 本地坐标 [35,0]
2025-11-09 20:40:34.164 [main] DEBUG com.ksptool.mycraft.world.World - 保存脏区块 [-4,-8] 到区域 [-1,-1] 本地坐标 [36,32]
2025-11-09 20:40:34.165 [main] DEBUG com.ksptool.mycraft.world.World - 保存脏区块 [7,2] 到区域 [0,0] 本地坐标 [7,2]
2025-11-09 20:40:34.166 [main] DEBUG com.ksptool.mycraft.world.World - 保存脏区块 [7,-3] 到区域 [0,-1] 本地坐标 [7,37]
2025-11-09 20:40:34.168 [main] DEBUG com.ksptool.mycraft.world.World - 保存脏区块 [6,3] 到区域 [0,0] 本地坐标 [6,3]
2025-11-09 20:40:34.170 [main] DEBUG com.ksptool.mycraft.world.World - 保存脏区块 [6,-4] 到区域 [0,-1] 本地坐标 [6,36]
2025-11-09 20:40:34.171 [main] DEBUG com.ksptool.mycraft.world.World - 保存脏区块 [5,0] 到区域 [0,0] 本地坐标 [5,0]
2025-11-09 20:40:34.172 [main] DEBUG com.ksptool.mycraft.world.World - 保存脏区块 [5,-1] 到区域 [0,-1] 本地坐标 [5,39]
2025-11-09 20:40:34.174 [main] DEBUG com.ksptool.mycraft.world.World - 保存脏区块 [4,1] 到区域 [0,0] 本地坐标 [4,1]
2025-11-09 20:40:34.175 [main] DEBUG com.ksptool.mycraft.world.World - 保存脏区块 [4,-2] 到区域 [0,-1] 本地坐标 [4,38]
2025-11-09 20:40:34.177 [main] DEBUG com.ksptool.mycraft.world.World - 保存脏区块 [3,6] 到区域 [0,0] 本地坐标 [3,6]
2025-11-09 20:40:34.178 [main] DEBUG com.ksptool.mycraft.world.World - 保存脏区块 [3,-7] 到区域 [0,-1] 本地坐标 [3,33]
2025-11-09 20:40:34.179 [main] DEBUG com.ksptool.mycraft.world.World - 保存脏区块 [2,7] 到区域 [0,0] 本地坐标 [2,7]
2025-11-09 20:40:34.180 [main] DEBUG com.ksptool.mycraft.world.World - 保存脏区块 [2,-8] 到区域 [0,-1] 本地坐标 [2,32]
2025-11-09 20:40:34.182 [main] DEBUG com.ksptool.mycraft.world.World - 保存脏区块 [1,4] 到区域 [0,0] 本地坐标 [1,4]
2025-11-09 20:40:34.183 [main] DEBUG com.ksptool.mycraft.world.World - 保存脏区块 [1,-5] 到区域 [0,-1] 本地坐标 [1,35]
2025-11-09 20:40:34.184 [main] DEBUG com.ksptool.mycraft.world.World - 保存脏区块 [0,5] 到区域 [0,0] 本地坐标 [0,5]
2025-11-09 20:40:34.186 [main] DEBUG com.ksptool.mycraft.world.World - 保存脏区块 [0,-6] 到区域 [0,-1] 本地坐标 [0,34]
2025-11-09 20:40:34.187 [main] DEBUG com.ksptool.mycraft.world.World - 保存脏区块 [-1,5] 到区域 [-1,0] 本地坐标 [39,5]
2025-11-09 20:40:34.188 [main] DEBUG com.ksptool.mycraft.world.World - 保存脏区块 [-1,-6] 到区域 [-1,-1] 本地坐标 [39,34]
2025-11-09 20:40:34.190 [main] DEBUG com.ksptool.mycraft.world.World - 保存脏区块 [-2,4] 到区域 [-1,0] 本地坐标 [38,4]
2025-11-09 20:40:34.191 [main] DEBUG com.ksptool.mycraft.world.World - 保存脏区块 [-2,-5] 到区域 [-1,-1] 本地坐标 [38,35]
2025-11-09 20:40:34.192 [main] DEBUG com.ksptool.mycraft.world.World - 保存脏区块 [-3,7] 到区域 [-1,0] 本地坐标 [37,7]
2025-11-09 20:40:34.194 [main] DEBUG com.ksptool.mycraft.world.World - 保存脏区块 [-3,-8] 到区域 [-1,-1] 本地坐标 [37,32]
2025-11-09 20:40:34.195 [main] DEBUG com.ksptool.mycraft.world.World - 保存脏区块 [-4,6] 到区域 [-1,0] 本地坐标 [36,6]
2025-11-09 20:40:34.197 [main] DEBUG com.ksptool.mycraft.world.World - 保存脏区块 [-8,-3] 到区域 [-1,-1] 本地坐标 [32,37]
2025-11-09 20:40:34.198 [main] DEBUG com.ksptool.mycraft.world.World - 保存脏区块 [-8,2] 到区域 [-1,0] 本地坐标 [32,2]
2025-11-09 20:40:34.200 [main] DEBUG com.ksptool.mycraft.world.World - 保存脏区块 [-7,-4] 到区域 [-1,-1] 本地坐标 [33,36]
2025-11-09 20:40:34.201 [main] DEBUG com.ksptool.mycraft.world.World - 保存脏区块 [-7,3] 到区域 [-1,0] 本地坐标 [33,3]
2025-11-09 20:40:34.203 [main] DEBUG com.ksptool.mycraft.world.World - 保存脏区块 [-6,-1] 到区域 [-1,-1] 本地坐标 [34,39]
2025-11-09 20:40:34.205 [main] DEBUG com.ksptool.mycraft.world.World - 保存脏区块 [-6,0] 到区域 [-1,0] 本地坐标 [34,0]
2025-11-09 20:40:34.206 [main] DEBUG com.ksptool.mycraft.world.World - 保存脏区块 [-5,-2] 到区域 [-1,-1] 本地坐标 [35,38]
2025-11-09 20:40:34.208 [main] DEBUG com.ksptool.mycraft.world.World - 保存脏区块 [-5,1] 到区域 [-1,0] 本地坐标 [35,1]
2025-11-09 20:40:34.209 [main] DEBUG com.ksptool.mycraft.world.World - 保存脏区块 [-4,-7] 到区域 [-1,-1] 本地坐标 [36,33]
2025-11-09 20:40:34.211 [main] DEBUG com.ksptool.mycraft.world.World - 保存脏区块 [7,1] 到区域 [0,0] 本地坐标 [7,1]
2025-11-09 20:40:34.212 [main] DEBUG com.ksptool.mycraft.world.World - 保存脏区块 [7,-2] 到区域 [0,-1] 本地坐标 [7,38]
2025-11-09 20:40:34.214 [main] DEBUG com.ksptool.mycraft.world.World - 保存脏区块 [6,0] 到区域 [0,0] 本地坐标 [6,0]
2025-11-09 20:40:34.216 [main] DEBUG com.ksptool.mycraft.world.World - 保存脏区块 [6,-1] 到区域 [0,-1] 本地坐标 [6,39]
2025-11-09 20:40:34.217 [main] DEBUG com.ksptool.mycraft.world.World - 保存脏区块 [5,3] 到区域 [0,0] 本地坐标 [5,3]
2025-11-09 20:40:34.218 [main] DEBUG com.ksptool.mycraft.world.World - 保存脏区块 [5,-4] 到区域 [0,-1] 本地坐标 [5,36]
2025-11-09 20:40:34.220 [main] DEBUG com.ksptool.mycraft.world.World - 保存脏区块 [4,2] 到区域 [0,0] 本地坐标 [4,2]
2025-11-09 20:40:34.221 [main] DEBUG com.ksptool.mycraft.world.World - 保存脏区块 [4,-3] 到区域 [0,-1] 本地坐标 [4,37]
2025-11-09 20:40:34.223 [main] DEBUG com.ksptool.mycraft.world.World - 保存脏区块 [3,5] 到区域 [0,0] 本地坐标 [3,5]
2025-11-09 20:40:34.224 [main] DEBUG com.ksptool.mycraft.world.World - 保存脏区块 [3,-6] 到区域 [0,-1] 本地坐标 [3,34]
2025-11-09 20:40:34.226 [main] DEBUG com.ksptool.mycraft.world.World - 保存脏区块 [2,4] 到区域 [0,0] 本地坐标 [2,4]
2025-11-09 20:40:34.227 [main] DEBUG com.ksptool.mycraft.world.World - 保存脏区块 [2,-5] 到区域 [0,-1] 本地坐标 [2,35]
2025-11-09 20:40:34.229 [main] DEBUG com.ksptool.mycraft.world.World - 保存脏区块 [1,7] 到区域 [0,0] 本地坐标 [1,7]
2025-11-09 20:40:34.230 [main] DEBUG com.ksptool.mycraft.world.World - 保存脏区块 [1,-8] 到区域 [0,-1] 本地坐标 [1,32]
2025-11-09 20:40:34.232 [main] DEBUG com.ksptool.mycraft.world.World - 保存脏区块 [0,6] 到区域 [0,0] 本地坐标 [0,6]
2025-11-09 20:40:34.233 [main] DEBUG com.ksptool.mycraft.world.World - 保存脏区块 [0,-7] 到区域 [0,-1] 本地坐标 [0,33]
2025-11-09 20:40:34.235 [main] DEBUG com.ksptool.mycraft.world.World - 保存脏区块 [-1,6] 到区域 [-1,0] 本地坐标 [39,6]
2025-11-09 20:40:34.236 [main] DEBUG com.ksptool.mycraft.world.World - 保存脏区块 [-1,-7] 到区域 [-1,-1] 本地坐标 [39,33]
2025-11-09 20:40:34.238 [main] DEBUG com.ksptool.mycraft.world.World - 保存脏区块 [-2,7] 到区域 [-1,0] 本地坐标 [38,7]
2025-11-09 20:40:34.239 [main] DEBUG com.ksptool.mycraft.world.World - 保存脏区块 [-2,-8] 到区域 [-1,-1] 本地坐标 [38,32]
2025-11-09 20:40:34.241 [main] DEBUG com.ksptool.mycraft.world.World - 保存脏区块 [-3,4] 到区域 [-1,0] 本地坐标 [37,4]
2025-11-09 20:40:34.243 [main] DEBUG com.ksptool.mycraft.world.World - 保存脏区块 [-3,-5] 到区域 [-1,-1] 本地坐标 [37,35]
2025-11-09 20:40:34.244 [main] DEBUG com.ksptool.mycraft.world.World - 保存脏区块 [-4,5] 到区域 [-1,0] 本地坐标 [36,5]
2025-11-09 20:40:34.246 [main] DEBUG com.ksptool.mycraft.world.World - 保存脏区块 [-8,-2] 到区域 [-1,-1] 本地坐标 [32,38]
2025-11-09 20:40:34.247 [main] DEBUG com.ksptool.mycraft.world.World - 保存脏区块 [-8,1] 到区域 [-1,0] 本地坐标 [32,1]
2025-11-09 20:40:34.249 [main] DEBUG com.ksptool.mycraft.world.World - 保存脏区块 [-7,-1] 到区域 [-1,-1] 本地坐标 [33,39]
2025-11-09 20:40:34.250 [main] DEBUG com.ksptool.mycraft.world.World - 保存脏区块 [-7,0] 到区域 [-1,0] 本地坐标 [33,0]
2025-11-09 20:40:34.252 [main] DEBUG com.ksptool.mycraft.world.World - 保存脏区块 [-6,-4] 到区域 [-1,-1] 本地坐标 [34,36]
2025-11-09 20:40:34.254 [main] DEBUG com.ksptool.mycraft.world.World - 保存脏区块 [-6,3] 到区域 [-1,0] 本地坐标 [34,3]
2025-11-09 20:40:34.256 [main] DEBUG com.ksptool.mycraft.world.World - 保存脏区块 [-5,-3] 到区域 [-1,-1] 本地坐标 [35,37]
2025-11-09 20:40:34.257 [main] DEBUG com.ksptool.mycraft.world.World - 保存脏区块 [-5,2] 到区域 [-1,0] 本地坐标 [35,2]
2025-11-09 20:40:34.258 [main] DEBUG com.ksptool.mycraft.world.World - 保存脏区块 [-4,-6] 到区域 [-1,-1] 本地坐标 [36,34]
2025-11-09 20:40:34.259 [main] DEBUG com.ksptool.mycraft.world.World - 保存脏区块 [7,0] 到区域 [0,0] 本地坐标 [7,0]
2025-11-09 20:40:34.261 [main] DEBUG com.ksptool.mycraft.world.World - 保存脏区块 [7,-1] 到区域 [0,-1] 本地坐标 [7,39]
2025-11-09 20:40:34.262 [main] DEBUG com.ksptool.mycraft.world.World - 保存脏区块 [6,1] 到区域 [0,0] 本地坐标 [6,1]
2025-11-09 20:40:34.263 [main] DEBUG com.ksptool.mycraft.world.World - 保存脏区块 [6,-2] 到区域 [0,-1] 本地坐标 [6,38]
2025-11-09 20:40:34.265 [main] DEBUG com.ksptool.mycraft.world.World - 保存脏区块 [5,2] 到区域 [0,0] 本地坐标 [5,2]
2025-11-09 20:40:34.266 [main] DEBUG com.ksptool.mycraft.world.World - 保存脏区块 [5,-3] 到区域 [0,-1] 本地坐标 [5,37]
2025-11-09 20:40:34.267 [main] DEBUG com.ksptool.mycraft.world.World - 保存脏区块 [4,3] 到区域 [0,0] 本地坐标 [4,3]
2025-11-09 20:40:34.268 [main] DEBUG com.ksptool.mycraft.world.World - 保存脏区块 [4,-4] 到区域 [0,-1] 本地坐标 [4,36]
2025-11-09 20:40:34.270 [main] DEBUG com.ksptool.mycraft.world.World - 保存脏区块 [3,4] 到区域 [0,0] 本地坐标 [3,4]
2025-11-09 20:40:34.271 [main] DEBUG com.ksptool.mycraft.world.World - 保存脏区块 [3,-5] 到区域 [0,-1] 本地坐标 [3,35]
2025-11-09 20:40:34.272 [main] DEBUG com.ksptool.mycraft.world.World - 保存脏区块 [2,5] 到区域 [0,0] 本地坐标 [2,5]
2025-11-09 20:40:34.273 [main] DEBUG com.ksptool.mycraft.world.World - 保存脏区块 [2,-6] 到区域 [0,-1] 本地坐标 [2,34]
2025-11-09 20:40:34.275 [main] DEBUG com.ksptool.mycraft.world.World - 保存脏区块 [1,6] 到区域 [0,0] 本地坐标 [1,6]
2025-11-09 20:40:34.276 [main] DEBUG com.ksptool.mycraft.world.World - 保存脏区块 [1,-7] 到区域 [0,-1] 本地坐标 [1,33]
2025-11-09 20:40:34.277 [main] DEBUG com.ksptool.mycraft.world.World - 保存脏区块 [0,7] 到区域 [0,0] 本地坐标 [0,7]
2025-11-09 20:40:34.279 [main] DEBUG com.ksptool.mycraft.world.World - 保存脏区块 [0,-8] 到区域 [0,-1] 本地坐标 [0,32]
2025-11-09 20:40:34.280 [main] DEBUG com.ksptool.mycraft.world.World - 保存脏区块 [-1,7] 到区域 [-1,0] 本地坐标 [39,7]
2025-11-09 20:40:34.281 [main] DEBUG com.ksptool.mycraft.world.World - 保存脏区块 [-1,-8] 到区域 [-1,-1] 本地坐标 [39,32]
2025-11-09 20:40:34.283 [main] DEBUG com.ksptool.mycraft.world.World - 保存脏区块 [-2,6] 到区域 [-1,0] 本地坐标 [38,6]
2025-11-09 20:40:34.284 [main] DEBUG com.ksptool.mycraft.world.World - 保存脏区块 [-2,-7] 到区域 [-1,-1] 本地坐标 [38,33]
2025-11-09 20:40:34.285 [main] DEBUG com.ksptool.mycraft.world.World - 保存脏区块 [-3,5] 到区域 [-1,0] 本地坐标 [37,5]
2025-11-09 20:40:34.287 [main] DEBUG com.ksptool.mycraft.world.World - 保存脏区块 [-3,-6] 到区域 [-1,-1] 本地坐标 [37,34]
2025-11-09 20:40:34.288 [main] DEBUG com.ksptool.mycraft.world.World - 保存脏区块 [-4,4] 到区域 [-1,0] 本地坐标 [36,4]
2025-11-09 20:40:34.289 [main] DEBUG com.ksptool.mycraft.world.World - 保存脏区块 [-8,-1] 到区域 [-1,-1] 本地坐标 [32,39]
2025-11-09 20:40:34.291 [main] DEBUG com.ksptool.mycraft.world.World - 保存脏区块 [-8,0] 到区域 [-1,0] 本地坐标 [32,0]
2025-11-09 20:40:34.292 [main] DEBUG com.ksptool.mycraft.world.World - 保存脏区块 [-7,-2] 到区域 [-1,-1] 本地坐标 [33,38]
2025-11-09 20:40:34.293 [main] DEBUG com.ksptool.mycraft.world.World - 保存脏区块 [-7,1] 到区域 [-1,0] 本地坐标 [33,1]
2025-11-09 20:40:34.295 [main] DEBUG com.ksptool.mycraft.world.World - 保存脏区块 [-6,-3] 到区域 [-1,-1] 本地坐标 [34,37]
2025-11-09 20:40:34.296 [main] DEBUG com.ksptool.mycraft.world.World - 保存脏区块 [-6,2] 到区域 [-1,0] 本地坐标 [34,2]
2025-11-09 20:40:34.297 [main] DEBUG com.ksptool.mycraft.world.World - 保存脏区块 [-5,-4] 到区域 [-1,-1] 本地坐标 [35,36]
2025-11-09 20:40:34.299 [main] DEBUG com.ksptool.mycraft.world.World - 保存脏区块 [-5,3] 到区域 [-1,0] 本地坐标 [35,3]
2025-11-09 20:40:34.300 [main] DEBUG com.ksptool.mycraft.world.World - 保存脏区块 [-4,-5] 到区域 [-1,-1] 本地坐标 [36,35]
2025-11-09 20:40:34.301 [main] DEBUG com.ksptool.mycraft.world.World - 保存脏区块 [-9,-1] 到区域 [-1,-1] 本地坐标 [31,39]
2025-11-09 20:40:34.303 [main] DEBUG com.ksptool.mycraft.world.World - 保存脏区块 [-9,0] 到区域 [-1,0] 本地坐标 [31,0]
2025-11-09 20:40:34.304 [main] DEBUG com.ksptool.mycraft.world.World - 保存脏区块 [-1,8] 到区域 [-1,0] 本地坐标 [39,8]
2025-11-09 20:40:34.306 [main] DEBUG com.ksptool.mycraft.world.World - 保存脏区块 [0,8] 到区域 [0,0] 本地坐标 [0,8]
2025-11-09 20:40:34.308 [main] DEBUG com.ksptool.mycraft.world.World - 保存脏区块 [-1,-9] 到区域 [-1,-1] 本地坐标 [39,31]
2025-11-09 20:40:34.309 [main] DEBUG com.ksptool.mycraft.world.World - 保存脏区块 [0,-9] 到区域 [0,-1] 本地坐标 [0,31]
2025-11-09 20:40:34.310 [main] DEBUG com.ksptool.mycraft.world.World - 保存脏区块 [-9,-2] 到区域 [-1,-1] 本地坐标 [31,38]
2025-11-09 20:40:34.312 [main] DEBUG com.ksptool.mycraft.world.World - 保存脏区块 [-9,1] 到区域 [-1,0] 本地坐标 [31,1]
2025-11-09 20:40:34.313 [main] DEBUG com.ksptool.mycraft.world.World - 保存脏区块 [-2,8] 到区域 [-1,0] 本地坐标 [38,8]
2025-11-09 20:40:34.315 [main] DEBUG com.ksptool.mycraft.world.World - 保存脏区块 [1,8] 到区域 [0,0] 本地坐标 [1,8]
2025-11-09 20:40:34.316 [main] DEBUG com.ksptool.mycraft.world.World - 保存脏区块 [-2,-9] 到区域 [-1,-1] 本地坐标 [38,31]
2025-11-09 20:40:34.317 [main] DEBUG com.ksptool.mycraft.world.World - 保存脏区块 [1,-9] 到区域 [0,-1] 本地坐标 [1,31]
2025-11-09 20:40:34.319 [main] DEBUG com.ksptool.mycraft.world.World - 保存脏区块 [-9,-3] 到区域 [-1,-1] 本地坐标 [31,37]
2025-11-09 20:40:34.320 [main] DEBUG com.ksptool.mycraft.world.World - 保存脏区块 [-9,2] 到区域 [-1,0] 本地坐标 [31,2]
2025-11-09 20:40:34.321 [main] DEBUG com.ksptool.mycraft.world.World - 保存脏区块 [-3,8] 到区域 [-1,0] 本地坐标 [37,8]
2025-11-09 20:40:34.323 [main] DEBUG com.ksptool.mycraft.world.World - 保存脏区块 [2,8] 到区域 [0,0] 本地坐标 [2,8]
2025-11-09 20:40:34.325 [main] DEBUG com.ksptool.mycraft.world.World - 保存脏区块 [-3,-9] 到区域 [-1,-1] 本地坐标 [37,31]
2025-11-09 20:40:34.327 [main] DEBUG com.ksptool.mycraft.world.World - 保存脏区块 [2,-9] 到区域 [0,-1] 本地坐标 [2,31]
2025-11-09 20:40:34.328 [main] DEBUG com.ksptool.mycraft.world.World - 保存脏区块 [-9,-4] 到区域 [-1,-1] 本地坐标 [31,36]
2025-11-09 20:40:34.329 [main] DEBUG com.ksptool.mycraft.world.World - 保存脏区块 [-9,3] 到区域 [-1,0] 本地坐标 [31,3]
2025-11-09 20:40:34.331 [main] DEBUG com.ksptool.mycraft.world.World - 保存脏区块 [-4,8] 到区域 [-1,0] 本地坐标 [36,8]
2025-11-09 20:40:34.332 [main] DEBUG com.ksptool.mycraft.world.World - 保存脏区块 [3,8] 到区域 [0,0] 本地坐标 [3,8]
2025-11-09 20:40:34.333 [main] DEBUG com.ksptool.mycraft.world.World - 保存脏区块 [-4,-9] 到区域 [-1,-1] 本地坐标 [36,31]
2025-11-09 20:40:34.335 [main] DEBUG com.ksptool.mycraft.world.World - 保存脏区块 [3,-9] 到区域 [0,-1] 本地坐标 [3,31]
2025-11-09 20:40:34.336 [main] DEBUG com.ksptool.mycraft.world.World - 保存脏区块 [-9,-5] 到区域 [-1,-1] 本地坐标 [31,35]
2025-11-09 20:40:34.338 [main] DEBUG com.ksptool.mycraft.world.World - 保存脏区块 [-9,4] 到区域 [-1,0] 本地坐标 [31,4]
2025-11-09 20:40:34.340 [main] DEBUG com.ksptool.mycraft.world.World - 保存脏区块 [-5,8] 到区域 [-1,0] 本地坐标 [35,8]
2025-11-09 20:40:34.341 [main] DEBUG com.ksptool.mycraft.world.World - 保存脏区块 [4,8] 到区域 [0,0] 本地坐标 [4,8]
2025-11-09 20:40:34.343 [main] DEBUG com.ksptool.mycraft.world.World - 保存脏区块 [-5,-9] 到区域 [-1,-1] 本地坐标 [35,31]
2025-11-09 20:40:34.344 [main] DEBUG com.ksptool.mycraft.world.World - 保存脏区块 [4,-9] 到区域 [0,-1] 本地坐标 [4,31]
2025-11-09 20:40:34.345 [main] DEBUG com.ksptool.mycraft.world.World - 保存脏区块 [-9,-6] 到区域 [-1,-1] 本地坐标 [31,34]
2025-11-09 20:40:34.347 [main] DEBUG com.ksptool.mycraft.world.World - 保存脏区块 [-9,5] 到区域 [-1,0] 本地坐标 [31,5]
2025-11-09 20:40:34.348 [main] DEBUG com.ksptool.mycraft.world.World - 保存脏区块 [-6,8] 到区域 [-1,0] 本地坐标 [34,8]
2025-11-09 20:40:34.350 [main] DEBUG com.ksptool.mycraft.world.World - 保存脏区块 [5,8] 到区域 [0,0] 本地坐标 [5,8]
2025-11-09 20:40:34.351 [main] DEBUG com.ksptool.mycraft.world.World - 保存脏区块 [-6,-9] 到区域 [-1,-1] 本地坐标 [34,31]
2025-11-09 20:40:34.352 [main] DEBUG com.ksptool.mycraft.world.World - 保存脏区块 [5,-9] 到区域 [0,-1] 本地坐标 [5,31]
2025-11-09 20:40:34.354 [main] DEBUG com.ksptool.mycraft.world.World - 保存脏区块 [-9,-7] 到区域 [-1,-1] 本地坐标 [31,33]
2025-11-09 20:40:34.355 [main] DEBUG com.ksptool.mycraft.world.World - 保存脏区块 [-9,6] 到区域 [-1,0] 本地坐标 [31,6]
2025-11-09 20:40:34.356 [main] DEBUG com.ksptool.mycraft.world.World - 保存脏区块 [-7,8] 到区域 [-1,0] 本地坐标 [33,8]
2025-11-09 20:40:34.358 [main] DEBUG com.ksptool.mycraft.world.World - 保存脏区块 [6,8] 到区域 [0,0] 本地坐标 [6,8]
2025-11-09 20:40:34.359 [main] DEBUG com.ksptool.mycraft.world.World - 保存脏区块 [-7,-9] 到区域 [-1,-1] 本地坐标 [33,31]
2025-11-09 20:40:34.361 [main] DEBUG com.ksptool.mycraft.world.World - 保存脏区块 [6,-9] 到区域 [0,-1] 本地坐标 [6,31]
2025-11-09 20:40:34.362 [main] DEBUG com.ksptool.mycraft.world.World - 保存脏区块 [-9,-8] 到区域 [-1,-1] 本地坐标 [31,32]
2025-11-09 20:40:34.364 [main] DEBUG com.ksptool.mycraft.world.World - 保存脏区块 [-9,7] 到区域 [-1,0] 本地坐标 [31,7]
2025-11-09 20:40:34.365 [main] DEBUG com.ksptool.mycraft.world.World - 保存脏区块 [-8,8] 到区域 [-1,0] 本地坐标 [32,8]
2025-11-09 20:40:34.367 [main] DEBUG com.ksptool.mycraft.world.World - 保存脏区块 [7,8] 到区域 [0,0] 本地坐标 [7,8]
2025-11-09 20:40:34.368 [main] DEBUG com.ksptool.mycraft.world.World - 保存脏区块 [-8,-9] 到区域 [-1,-1] 本地坐标 [32,31]
2025-11-09 20:40:34.369 [main] DEBUG com.ksptool.mycraft.world.World - 保存脏区块 [7,-9] 到区域 [0,-1] 本地坐标 [7,31]
2025-11-09 20:40:34.371 [main] INFO  com.ksptool.mycraft.world.World - 保存完成: 脏区块数=306, 脏实体区块数=4
2025-11-09 20:40:34.371 [main] INFO  c.ksptool.mycraft.world.WorldManager - 区块数据保存完成
2025-11-09 20:40:34.371 [main] DEBUG c.ksptool.mycraft.world.WorldManager - 保存玩家数据: UUID=7d287740-12d8-4769-834a-e2cd88b77758
2025-11-09 20:40:34.372 [main] DEBUG c.k.mycraft.world.save.SaveManager - 保存玩家数据成功: UUID=7d287740-12d8-4769-834a-e2cd88b77758
2025-11-09 20:40:34.372 [main] INFO  c.ksptool.mycraft.world.WorldManager - 世界保存完成: saveName=111111111, worldName=111111111
